I, [2018-11-07T14:54:02.706165 #66654]  INFO -- : [d99fcb97-567e-4532-b826-cf14430c79e3] Started GET "/" for 127.0.0.1 at 2018-11-07 14:54:02 +0100
I, [2018-11-07T14:54:02.733798 #66654]  INFO -- : [d99fcb97-567e-4532-b826-cf14430c79e3] Processing by HomeController#index as HTML
I, [2018-11-07T14:54:02.751783 #66654]  INFO -- : [d99fcb97-567e-4532-b826-cf14430c79e3]   Rendering home/index.html.erb within layouts/application
I, [2018-11-07T14:54:02.753691 #66654]  INFO -- : [d99fcb97-567e-4532-b826-cf14430c79e3]   Rendered home/index.html.erb within layouts/application (1.7ms)
I, [2018-11-07T14:54:02.756178 #66654]  INFO -- : [d99fcb97-567e-4532-b826-cf14430c79e3] Completed 200 OK in 22ms (Views: 13.2ms)
I, [2018-11-07T14:54:02.829497 #66654]  INFO -- : [a021b60d-ec5d-4aac-b403-a8480b30bd8b] Started GET "/assets/application-e3f834ee11839493b9fe6bf4d485db6c6b5cb16657d2ebeb45d61e6722aeff73.css" for 127.0.0.1 at 2018-11-07 14:54:02 +0100
F, [2018-11-07T14:54:02.833823 #66654] FATAL -- : [a021b60d-ec5d-4aac-b403-a8480b30bd8b]   
F, [2018-11-07T14:54:02.834061 #66654] FATAL -- : [a021b60d-ec5d-4aac-b403-a8480b30bd8b] ActionController::RoutingError (No route matches [GET] "/assets/application-e3f834ee11839493b9fe6bf4d485db6c6b5cb16657d2ebeb45d61e6722aeff73.css"):
F, [2018-11-07T14:54:02.835922 #66654] FATAL -- : [a021b60d-ec5d-4aac-b403-a8480b30bd8b]   
F, [2018-11-07T14:54:02.836055 #66654] FATAL -- : [a021b60d-ec5d-4aac-b403-a8480b30bd8b] actionpack (5.2.1) lib/action_dispatch/middleware/debug_exceptions.rb:65:in `call'
[a021b60d-ec5d-4aac-b403-a8480b30bd8b] actionpack (5.2.1) lib/action_dispatch/middleware/show_exceptions.rb:33:in `call'
[a021b60d-ec5d-4aac-b403-a8480b30bd8b] railties (5.2.1) lib/rails/rack/logger.rb:38:in `call_app'
[a021b60d-ec5d-4aac-b403-a8480b30bd8b] railties (5.2.1) lib/rails/rack/logger.rb:26:in `block in call'
[a021b60d-ec5d-4aac-b403-a8480b30bd8b] activesupport (5.2.1) lib/active_support/tagged_logging.rb:71:in `block in tagged'
[a021b60d-ec5d-4aac-b403-a8480b30bd8b] activesupport (5.2.1) lib/active_support/tagged_logging.rb:28:in `tagged'
[a021b60d-ec5d-4aac-b403-a8480b30bd8b] activesupport (5.2.1) lib/active_support/tagged_logging.rb:71:in `tagged'
[a021b60d-ec5d-4aac-b403-a8480b30bd8b] railties (5.2.1) lib/rails/rack/logger.rb:26:in `call'
[a021b60d-ec5d-4aac-b403-a8480b30bd8b] actionpack (5.2.1) lib/action_dispatch/middleware/remote_ip.rb:81:in `call'
[a021b60d-ec5d-4aac-b403-a8480b30bd8b] actionpack (5.2.1) lib/action_dispatch/middleware/request_id.rb:27:in `call'
[a021b60d-ec5d-4aac-b403-a8480b30bd8b] rack (2.0.6) lib/rack/method_override.rb:22:in `call'
[a021b60d-ec5d-4aac-b403-a8480b30bd8b] rack (2.0.6) lib/rack/runtime.rb:22:in `call'
[a021b60d-ec5d-4aac-b403-a8480b30bd8b] activesupport (5.2.1) lib/active_support/cache/strategy/local_cache_middleware.rb:29:in `call'
[a021b60d-ec5d-4aac-b403-a8480b30bd8b] actionpack (5.2.1) lib/action_dispatch/middleware/executor.rb:14:in `call'
[a021b60d-ec5d-4aac-b403-a8480b30bd8b] rack (2.0.6) lib/rack/sendfile.rb:111:in `call'
[a021b60d-ec5d-4aac-b403-a8480b30bd8b] railties (5.2.1) lib/rails/engine.rb:524:in `call'
[a021b60d-ec5d-4aac-b403-a8480b30bd8b] puma (3.12.0) lib/puma/configuration.rb:225:in `call'
[a021b60d-ec5d-4aac-b403-a8480b30bd8b] puma (3.12.0) lib/puma/server.rb:658:in `handle_request'
[a021b60d-ec5d-4aac-b403-a8480b30bd8b] puma (3.12.0) lib/puma/server.rb:472:in `process_client'
[a021b60d-ec5d-4aac-b403-a8480b30bd8b] puma (3.12.0) lib/puma/server.rb:332:in `block in run'
[a021b60d-ec5d-4aac-b403-a8480b30bd8b] puma (3.12.0) lib/puma/thread_pool.rb:133:in `block in spawn_thread'
I, [2018-11-07T14:54:02.835826 #66654]  INFO -- : [738781ee-432f-4c10-b312-51142dc19323] Started GET "/page_google.css" for 127.0.0.1 at 2018-11-07 14:54:02 +0100
F, [2018-11-07T14:54:02.837613 #66654] FATAL -- : [738781ee-432f-4c10-b312-51142dc19323]   
F, [2018-11-07T14:54:02.837749 #66654] FATAL -- : [738781ee-432f-4c10-b312-51142dc19323] ActionController::RoutingError (No route matches [GET] "/page_google.css"):
F, [2018-11-07T14:54:02.837871 #66654] FATAL -- : [738781ee-432f-4c10-b312-51142dc19323]   
F, [2018-11-07T14:54:02.837971 #66654] FATAL -- : [738781ee-432f-4c10-b312-51142dc19323] actionpack (5.2.1) lib/action_dispatch/middleware/debug_exceptions.rb:65:in `call'
[738781ee-432f-4c10-b312-51142dc19323] actionpack (5.2.1) lib/action_dispatch/middleware/show_exceptions.rb:33:in `call'
[738781ee-432f-4c10-b312-51142dc19323] railties (5.2.1) lib/rails/rack/logger.rb:38:in `call_app'
[738781ee-432f-4c10-b312-51142dc19323] railties (5.2.1) lib/rails/rack/logger.rb:26:in `block in call'
[738781ee-432f-4c10-b312-51142dc19323] activesupport (5.2.1) lib/active_support/tagged_logging.rb:71:in `block in tagged'
[738781ee-432f-4c10-b312-51142dc19323] activesupport (5.2.1) lib/active_support/tagged_logging.rb:28:in `tagged'
[738781ee-432f-4c10-b312-51142dc19323] activesupport (5.2.1) lib/active_support/tagged_logging.rb:71:in `tagged'
[738781ee-432f-4c10-b312-51142dc19323] railties (5.2.1) lib/rails/rack/logger.rb:26:in `call'
[738781ee-432f-4c10-b312-51142dc19323] actionpack (5.2.1) lib/action_dispatch/middleware/remote_ip.rb:81:in `call'
[738781ee-432f-4c10-b312-51142dc19323] actionpack (5.2.1) lib/action_dispatch/middleware/request_id.rb:27:in `call'
[738781ee-432f-4c10-b312-51142dc19323] rack (2.0.6) lib/rack/method_override.rb:22:in `call'
[738781ee-432f-4c10-b312-51142dc19323] rack (2.0.6) lib/rack/runtime.rb:22:in `call'
[738781ee-432f-4c10-b312-51142dc19323] activesupport (5.2.1) lib/active_support/cache/strategy/local_cache_middleware.rb:29:in `call'
[738781ee-432f-4c10-b312-51142dc19323] actionpack (5.2.1) lib/action_dispatch/middleware/executor.rb:14:in `call'
[738781ee-432f-4c10-b312-51142dc19323] rack (2.0.6) lib/rack/sendfile.rb:111:in `call'
[738781ee-432f-4c10-b312-51142dc19323] railties (5.2.1) lib/rails/engine.rb:524:in `call'
[738781ee-432f-4c10-b312-51142dc19323] puma (3.12.0) lib/puma/configuration.rb:225:in `call'
[738781ee-432f-4c10-b312-51142dc19323] puma (3.12.0) lib/puma/server.rb:658:in `handle_request'
[738781ee-432f-4c10-b312-51142dc19323] puma (3.12.0) lib/puma/server.rb:472:in `process_client'
[738781ee-432f-4c10-b312-51142dc19323] puma (3.12.0) lib/puma/server.rb:332:in `block in run'
[738781ee-432f-4c10-b312-51142dc19323] puma (3.12.0) lib/puma/thread_pool.rb:133:in `block in spawn_thread'
I, [2018-11-07T14:54:02.834805 #66654]  INFO -- : [28dd0274-63a4-48a8-86ad-07f414990806] Started GET "/assets/application-c03f5e3e45f2560ad956471c98585d2b01a757f4cd94b552550afbd8eb320c21.js" for 127.0.0.1 at 2018-11-07 14:54:02 +0100
F, [2018-11-07T14:54:02.839530 #66654] FATAL -- : [28dd0274-63a4-48a8-86ad-07f414990806]   
F, [2018-11-07T14:54:02.839742 #66654] FATAL -- : [28dd0274-63a4-48a8-86ad-07f414990806] ActionController::RoutingError (No route matches [GET] "/assets/application-c03f5e3e45f2560ad956471c98585d2b01a757f4cd94b552550afbd8eb320c21.js"):
F, [2018-11-07T14:54:02.839829 #66654] FATAL -- : [28dd0274-63a4-48a8-86ad-07f414990806]   
F, [2018-11-07T14:54:02.840071 #66654] FATAL -- : [28dd0274-63a4-48a8-86ad-07f414990806] actionpack (5.2.1) lib/action_dispatch/middleware/debug_exceptions.rb:65:in `call'
[28dd0274-63a4-48a8-86ad-07f414990806] actionpack (5.2.1) lib/action_dispatch/middleware/show_exceptions.rb:33:in `call'
[28dd0274-63a4-48a8-86ad-07f414990806] railties (5.2.1) lib/rails/rack/logger.rb:38:in `call_app'
[28dd0274-63a4-48a8-86ad-07f414990806] railties (5.2.1) lib/rails/rack/logger.rb:26:in `block in call'
[28dd0274-63a4-48a8-86ad-07f414990806] activesupport (5.2.1) lib/active_support/tagged_logging.rb:71:in `block in tagged'
[28dd0274-63a4-48a8-86ad-07f414990806] activesupport (5.2.1) lib/active_support/tagged_logging.rb:28:in `tagged'
[28dd0274-63a4-48a8-86ad-07f414990806] activesupport (5.2.1) lib/active_support/tagged_logging.rb:71:in `tagged'
[28dd0274-63a4-48a8-86ad-07f414990806] railties (5.2.1) lib/rails/rack/logger.rb:26:in `call'
[28dd0274-63a4-48a8-86ad-07f414990806] actionpack (5.2.1) lib/action_dispatch/middleware/remote_ip.rb:81:in `call'
[28dd0274-63a4-48a8-86ad-07f414990806] actionpack (5.2.1) lib/action_dispatch/middleware/request_id.rb:27:in `call'
[28dd0274-63a4-48a8-86ad-07f414990806] rack (2.0.6) lib/rack/method_override.rb:22:in `call'
[28dd0274-63a4-48a8-86ad-07f414990806] rack (2.0.6) lib/rack/runtime.rb:22:in `call'
[28dd0274-63a4-48a8-86ad-07f414990806] activesupport (5.2.1) lib/active_support/cache/strategy/local_cache_middleware.rb:29:in `call'
[28dd0274-63a4-48a8-86ad-07f414990806] actionpack (5.2.1) lib/action_dispatch/middleware/executor.rb:14:in `call'
[28dd0274-63a4-48a8-86ad-07f414990806] rack (2.0.6) lib/rack/sendfile.rb:111:in `call'
[28dd0274-63a4-48a8-86ad-07f414990806] railties (5.2.1) lib/rails/engine.rb:524:in `call'
[28dd0274-63a4-48a8-86ad-07f414990806] puma (3.12.0) lib/puma/configuration.rb:225:in `call'
[28dd0274-63a4-48a8-86ad-07f414990806] puma (3.12.0) lib/puma/server.rb:658:in `handle_request'
[28dd0274-63a4-48a8-86ad-07f414990806] puma (3.12.0) lib/puma/server.rb:472:in `process_client'
[28dd0274-63a4-48a8-86ad-07f414990806] puma (3.12.0) lib/puma/server.rb:332:in `block in run'
[28dd0274-63a4-48a8-86ad-07f414990806] puma (3.12.0) lib/puma/thread_pool.rb:133:in `block in spawn_thread'
I, [2018-11-07T14:54:02.835385 #66654]  INFO -- : [72c4aad4-079e-4e99-95a1-920b0c8fa96f] Started GET "/assets/image_google-5776cd87617eacec3bc00ebcf530d1924026033eda852f706c1a675a98915826.png" for 127.0.0.1 at 2018-11-07 14:54:02 +0100
F, [2018-11-07T14:54:02.842579 #66654] FATAL -- : [72c4aad4-079e-4e99-95a1-920b0c8fa96f]   
F, [2018-11-07T14:54:02.843167 #66654] FATAL -- : [72c4aad4-079e-4e99-95a1-920b0c8fa96f] ActionController::RoutingError (No route matches [GET] "/assets/image_google-5776cd87617eacec3bc00ebcf530d1924026033eda852f706c1a675a98915826.png"):
F, [2018-11-07T14:54:02.843280 #66654] FATAL -- : [72c4aad4-079e-4e99-95a1-920b0c8fa96f]   
F, [2018-11-07T14:54:02.843353 #66654] FATAL -- : [72c4aad4-079e-4e99-95a1-920b0c8fa96f] actionpack (5.2.1) lib/action_dispatch/middleware/debug_exceptions.rb:65:in `call'
[72c4aad4-079e-4e99-95a1-920b0c8fa96f] actionpack (5.2.1) lib/action_dispatch/middleware/show_exceptions.rb:33:in `call'
[72c4aad4-079e-4e99-95a1-920b0c8fa96f] railties (5.2.1) lib/rails/rack/logger.rb:38:in `call_app'
[72c4aad4-079e-4e99-95a1-920b0c8fa96f] railties (5.2.1) lib/rails/rack/logger.rb:26:in `block in call'
[72c4aad4-079e-4e99-95a1-920b0c8fa96f] activesupport (5.2.1) lib/active_support/tagged_logging.rb:71:in `block in tagged'
[72c4aad4-079e-4e99-95a1-920b0c8fa96f] activesupport (5.2.1) lib/active_support/tagged_logging.rb:28:in `tagged'
[72c4aad4-079e-4e99-95a1-920b0c8fa96f] activesupport (5.2.1) lib/active_support/tagged_logging.rb:71:in `tagged'
[72c4aad4-079e-4e99-95a1-920b0c8fa96f] railties (5.2.1) lib/rails/rack/logger.rb:26:in `call'
[72c4aad4-079e-4e99-95a1-920b0c8fa96f] actionpack (5.2.1) lib/action_dispatch/middleware/remote_ip.rb:81:in `call'
[72c4aad4-079e-4e99-95a1-920b0c8fa96f] actionpack (5.2.1) lib/action_dispatch/middleware/request_id.rb:27:in `call'
[72c4aad4-079e-4e99-95a1-920b0c8fa96f] rack (2.0.6) lib/rack/method_override.rb:22:in `call'
[72c4aad4-079e-4e99-95a1-920b0c8fa96f] rack (2.0.6) lib/rack/runtime.rb:22:in `call'
[72c4aad4-079e-4e99-95a1-920b0c8fa96f] activesupport (5.2.1) lib/active_support/cache/strategy/local_cache_middleware.rb:29:in `call'
[72c4aad4-079e-4e99-95a1-920b0c8fa96f] actionpack (5.2.1) lib/action_dispatch/middleware/executor.rb:14:in `call'
[72c4aad4-079e-4e99-95a1-920b0c8fa96f] rack (2.0.6) lib/rack/sendfile.rb:111:in `call'
[72c4aad4-079e-4e99-95a1-920b0c8fa96f] railties (5.2.1) lib/rails/engine.rb:524:in `call'
[72c4aad4-079e-4e99-95a1-920b0c8fa96f] puma (3.12.0) lib/puma/configuration.rb:225:in `call'
[72c4aad4-079e-4e99-95a1-920b0c8fa96f] puma (3.12.0) lib/puma/server.rb:658:in `handle_request'
[72c4aad4-079e-4e99-95a1-920b0c8fa96f] puma (3.12.0) lib/puma/server.rb:472:in `process_client'
[72c4aad4-079e-4e99-95a1-920b0c8fa96f] puma (3.12.0) lib/puma/server.rb:332:in `block in run'
[72c4aad4-079e-4e99-95a1-920b0c8fa96f] puma (3.12.0) lib/puma/thread_pool.rb:133:in `block in spawn_thread'
I, [2018-11-07T14:54:02.917816 #66654]  INFO -- : [d02c3260-8b87-4358-8b5e-88f19879452d] Started GET "/page_google.css" for 127.0.0.1 at 2018-11-07 14:54:02 +0100
F, [2018-11-07T14:54:02.918922 #66654] FATAL -- : [d02c3260-8b87-4358-8b5e-88f19879452d]   
F, [2018-11-07T14:54:02.919016 #66654] FATAL -- : [d02c3260-8b87-4358-8b5e-88f19879452d] ActionController::RoutingError (No route matches [GET] "/page_google.css"):
F, [2018-11-07T14:54:02.919072 #66654] FATAL -- : [d02c3260-8b87-4358-8b5e-88f19879452d]   
F, [2018-11-07T14:54:02.919141 #66654] FATAL -- : [d02c3260-8b87-4358-8b5e-88f19879452d] actionpack (5.2.1) lib/action_dispatch/middleware/debug_exceptions.rb:65:in `call'
[d02c3260-8b87-4358-8b5e-88f19879452d] actionpack (5.2.1) lib/action_dispatch/middleware/show_exceptions.rb:33:in `call'
[d02c3260-8b87-4358-8b5e-88f19879452d] railties (5.2.1) lib/rails/rack/logger.rb:38:in `call_app'
[d02c3260-8b87-4358-8b5e-88f19879452d] railties (5.2.1) lib/rails/rack/logger.rb:26:in `block in call'
[d02c3260-8b87-4358-8b5e-88f19879452d] activesupport (5.2.1) lib/active_support/tagged_logging.rb:71:in `block in tagged'
[d02c3260-8b87-4358-8b5e-88f19879452d] activesupport (5.2.1) lib/active_support/tagged_logging.rb:28:in `tagged'
[d02c3260-8b87-4358-8b5e-88f19879452d] activesupport (5.2.1) lib/active_support/tagged_logging.rb:71:in `tagged'
[d02c3260-8b87-4358-8b5e-88f19879452d] railties (5.2.1) lib/rails/rack/logger.rb:26:in `call'
[d02c3260-8b87-4358-8b5e-88f19879452d] actionpack (5.2.1) lib/action_dispatch/middleware/remote_ip.rb:81:in `call'
[d02c3260-8b87-4358-8b5e-88f19879452d] actionpack (5.2.1) lib/action_dispatch/middleware/request_id.rb:27:in `call'
[d02c3260-8b87-4358-8b5e-88f19879452d] rack (2.0.6) lib/rack/method_override.rb:22:in `call'
[d02c3260-8b87-4358-8b5e-88f19879452d] rack (2.0.6) lib/rack/runtime.rb:22:in `call'
[d02c3260-8b87-4358-8b5e-88f19879452d] activesupport (5.2.1) lib/active_support/cache/strategy/local_cache_middleware.rb:29:in `call'
[d02c3260-8b87-4358-8b5e-88f19879452d] actionpack (5.2.1) lib/action_dispatch/middleware/executor.rb:14:in `call'
[d02c3260-8b87-4358-8b5e-88f19879452d] rack (2.0.6) lib/rack/sendfile.rb:111:in `call'
[d02c3260-8b87-4358-8b5e-88f19879452d] railties (5.2.1) lib/rails/engine.rb:524:in `call'
[d02c3260-8b87-4358-8b5e-88f19879452d] puma (3.12.0) lib/puma/configuration.rb:225:in `call'
[d02c3260-8b87-4358-8b5e-88f19879452d] puma (3.12.0) lib/puma/server.rb:658:in `handle_request'
[d02c3260-8b87-4358-8b5e-88f19879452d] puma (3.12.0) lib/puma/server.rb:472:in `process_client'
[d02c3260-8b87-4358-8b5e-88f19879452d] puma (3.12.0) lib/puma/server.rb:332:in `block in run'
[d02c3260-8b87-4358-8b5e-88f19879452d] puma (3.12.0) lib/puma/thread_pool.rb:133:in `block in spawn_thread'
I, [2018-11-07T14:54:16.242936 #66654]  INFO -- : [3e0d5029-bf1d-483e-9063-37e750b57c2b] Started GET "/" for 127.0.0.1 at 2018-11-07 14:54:16 +0100
I, [2018-11-07T14:54:16.243818 #66654]  INFO -- : [3e0d5029-bf1d-483e-9063-37e750b57c2b] Processing by HomeController#index as HTML
I, [2018-11-07T14:54:16.244890 #66654]  INFO -- : [3e0d5029-bf1d-483e-9063-37e750b57c2b]   Rendering home/index.html.erb within layouts/application
I, [2018-11-07T14:54:16.245285 #66654]  INFO -- : [3e0d5029-bf1d-483e-9063-37e750b57c2b]   Rendered home/index.html.erb within layouts/application (0.3ms)
I, [2018-11-07T14:54:16.245933 #66654]  INFO -- : [3e0d5029-bf1d-483e-9063-37e750b57c2b] Completed 200 OK in 2ms (Views: 1.3ms)
I, [2018-11-07T14:54:16.273316 #66654]  INFO -- : [8ea659a0-71f1-4357-bcab-936773f233e3] Started GET "/assets/application-e3f834ee11839493b9fe6bf4d485db6c6b5cb16657d2ebeb45d61e6722aeff73.css" for 127.0.0.1 at 2018-11-07 14:54:16 +0100
F, [2018-11-07T14:54:16.274620 #66654] FATAL -- : [8ea659a0-71f1-4357-bcab-936773f233e3]   
F, [2018-11-07T14:54:16.274734 #66654] FATAL -- : [8ea659a0-71f1-4357-bcab-936773f233e3] ActionController::RoutingError (No route matches [GET] "/assets/application-e3f834ee11839493b9fe6bf4d485db6c6b5cb16657d2ebeb45d61e6722aeff73.css"):
F, [2018-11-07T14:54:16.274790 #66654] FATAL -- : [8ea659a0-71f1-4357-bcab-936773f233e3]   
F, [2018-11-07T14:54:16.274869 #66654] FATAL -- : [8ea659a0-71f1-4357-bcab-936773f233e3] actionpack (5.2.1) lib/action_dispatch/middleware/debug_exceptions.rb:65:in `call'
[8ea659a0-71f1-4357-bcab-936773f233e3] actionpack (5.2.1) lib/action_dispatch/middleware/show_exceptions.rb:33:in `call'
[8ea659a0-71f1-4357-bcab-936773f233e3] railties (5.2.1) lib/rails/rack/logger.rb:38:in `call_app'
[8ea659a0-71f1-4357-bcab-936773f233e3] railties (5.2.1) lib/rails/rack/logger.rb:26:in `block in call'
[8ea659a0-71f1-4357-bcab-936773f233e3] activesupport (5.2.1) lib/active_support/tagged_logging.rb:71:in `block in tagged'
[8ea659a0-71f1-4357-bcab-936773f233e3] activesupport (5.2.1) lib/active_support/tagged_logging.rb:28:in `tagged'
[8ea659a0-71f1-4357-bcab-936773f233e3] activesupport (5.2.1) lib/active_support/tagged_logging.rb:71:in `tagged'
[8ea659a0-71f1-4357-bcab-936773f233e3] railties (5.2.1) lib/rails/rack/logger.rb:26:in `call'
[8ea659a0-71f1-4357-bcab-936773f233e3] actionpack (5.2.1) lib/action_dispatch/middleware/remote_ip.rb:81:in `call'
[8ea659a0-71f1-4357-bcab-936773f233e3] actionpack (5.2.1) lib/action_dispatch/middleware/request_id.rb:27:in `call'
[8ea659a0-71f1-4357-bcab-936773f233e3] rack (2.0.6) lib/rack/method_override.rb:22:in `call'
[8ea659a0-71f1-4357-bcab-936773f233e3] rack (2.0.6) lib/rack/runtime.rb:22:in `call'
[8ea659a0-71f1-4357-bcab-936773f233e3] activesupport (5.2.1) lib/active_support/cache/strategy/local_cache_middleware.rb:29:in `call'
[8ea659a0-71f1-4357-bcab-936773f233e3] actionpack (5.2.1) lib/action_dispatch/middleware/executor.rb:14:in `call'
[8ea659a0-71f1-4357-bcab-936773f233e3] rack (2.0.6) lib/rack/sendfile.rb:111:in `call'
[8ea659a0-71f1-4357-bcab-936773f233e3] railties (5.2.1) lib/rails/engine.rb:524:in `call'
[8ea659a0-71f1-4357-bcab-936773f233e3] puma (3.12.0) lib/puma/configuration.rb:225:in `call'
[8ea659a0-71f1-4357-bcab-936773f233e3] puma (3.12.0) lib/puma/server.rb:658:in `handle_request'
[8ea659a0-71f1-4357-bcab-936773f233e3] puma (3.12.0) lib/puma/server.rb:472:in `process_client'
[8ea659a0-71f1-4357-bcab-936773f233e3] puma (3.12.0) lib/puma/server.rb:332:in `block in run'
[8ea659a0-71f1-4357-bcab-936773f233e3] puma (3.12.0) lib/puma/thread_pool.rb:133:in `block in spawn_thread'
I, [2018-11-07T14:54:16.281350 #66654]  INFO -- : [15309dd2-95bc-4867-9718-b415f095773a] Started GET "/assets/application-c03f5e3e45f2560ad956471c98585d2b01a757f4cd94b552550afbd8eb320c21.js" for 127.0.0.1 at 2018-11-07 14:54:16 +0100
F, [2018-11-07T14:54:16.282272 #66654] FATAL -- : [15309dd2-95bc-4867-9718-b415f095773a]   
F, [2018-11-07T14:54:16.282374 #66654] FATAL -- : [15309dd2-95bc-4867-9718-b415f095773a] ActionController::RoutingError (No route matches [GET] "/assets/application-c03f5e3e45f2560ad956471c98585d2b01a757f4cd94b552550afbd8eb320c21.js"):
F, [2018-11-07T14:54:16.282422 #66654] FATAL -- : [15309dd2-95bc-4867-9718-b415f095773a]   
F, [2018-11-07T14:54:16.282463 #66654] FATAL -- : [15309dd2-95bc-4867-9718-b415f095773a] actionpack (5.2.1) lib/action_dispatch/middleware/debug_exceptions.rb:65:in `call'
[15309dd2-95bc-4867-9718-b415f095773a] actionpack (5.2.1) lib/action_dispatch/middleware/show_exceptions.rb:33:in `call'
[15309dd2-95bc-4867-9718-b415f095773a] railties (5.2.1) lib/rails/rack/logger.rb:38:in `call_app'
[15309dd2-95bc-4867-9718-b415f095773a] railties (5.2.1) lib/rails/rack/logger.rb:26:in `block in call'
[15309dd2-95bc-4867-9718-b415f095773a] activesupport (5.2.1) lib/active_support/tagged_logging.rb:71:in `block in tagged'
[15309dd2-95bc-4867-9718-b415f095773a] activesupport (5.2.1) lib/active_support/tagged_logging.rb:28:in `tagged'
[15309dd2-95bc-4867-9718-b415f095773a] activesupport (5.2.1) lib/active_support/tagged_logging.rb:71:in `tagged'
[15309dd2-95bc-4867-9718-b415f095773a] railties (5.2.1) lib/rails/rack/logger.rb:26:in `call'
[15309dd2-95bc-4867-9718-b415f095773a] actionpack (5.2.1) lib/action_dispatch/middleware/remote_ip.rb:81:in `call'
[15309dd2-95bc-4867-9718-b415f095773a] actionpack (5.2.1) lib/action_dispatch/middleware/request_id.rb:27:in `call'
[15309dd2-95bc-4867-9718-b415f095773a] rack (2.0.6) lib/rack/method_override.rb:22:in `call'
[15309dd2-95bc-4867-9718-b415f095773a] rack (2.0.6) lib/rack/runtime.rb:22:in `call'
[15309dd2-95bc-4867-9718-b415f095773a] activesupport (5.2.1) lib/active_support/cache/strategy/local_cache_middleware.rb:29:in `call'
[15309dd2-95bc-4867-9718-b415f095773a] actionpack (5.2.1) lib/action_dispatch/middleware/executor.rb:14:in `call'
[15309dd2-95bc-4867-9718-b415f095773a] rack (2.0.6) lib/rack/sendfile.rb:111:in `call'
[15309dd2-95bc-4867-9718-b415f095773a] railties (5.2.1) lib/rails/engine.rb:524:in `call'
[15309dd2-95bc-4867-9718-b415f095773a] puma (3.12.0) lib/puma/configuration.rb:225:in `call'
[15309dd2-95bc-4867-9718-b415f095773a] puma (3.12.0) lib/puma/server.rb:658:in `handle_request'
[15309dd2-95bc-4867-9718-b415f095773a] puma (3.12.0) lib/puma/server.rb:472:in `process_client'
[15309dd2-95bc-4867-9718-b415f095773a] puma (3.12.0) lib/puma/server.rb:332:in `block in run'
[15309dd2-95bc-4867-9718-b415f095773a] puma (3.12.0) lib/puma/thread_pool.rb:133:in `block in spawn_thread'
I, [2018-11-07T14:54:16.478244 #66654]  INFO -- : [3767d664-9d2e-43f8-9972-13674a94ffc8] Started GET "/page_google.css" for 127.0.0.1 at 2018-11-07 14:54:16 +0100
F, [2018-11-07T14:54:16.479482 #66654] FATAL -- : [3767d664-9d2e-43f8-9972-13674a94ffc8]   
F, [2018-11-07T14:54:16.479619 #66654] FATAL -- : [3767d664-9d2e-43f8-9972-13674a94ffc8] ActionController::RoutingError (No route matches [GET] "/page_google.css"):
F, [2018-11-07T14:54:16.479675 #66654] FATAL -- : [3767d664-9d2e-43f8-9972-13674a94ffc8]   
F, [2018-11-07T14:54:16.479741 #66654] FATAL -- : [3767d664-9d2e-43f8-9972-13674a94ffc8] actionpack (5.2.1) lib/action_dispatch/middleware/debug_exceptions.rb:65:in `call'
[3767d664-9d2e-43f8-9972-13674a94ffc8] actionpack (5.2.1) lib/action_dispatch/middleware/show_exceptions.rb:33:in `call'
[3767d664-9d2e-43f8-9972-13674a94ffc8] railties (5.2.1) lib/rails/rack/logger.rb:38:in `call_app'
[3767d664-9d2e-43f8-9972-13674a94ffc8] railties (5.2.1) lib/rails/rack/logger.rb:26:in `block in call'
[3767d664-9d2e-43f8-9972-13674a94ffc8] activesupport (5.2.1) lib/active_support/tagged_logging.rb:71:in `block in tagged'
[3767d664-9d2e-43f8-9972-13674a94ffc8] activesupport (5.2.1) lib/active_support/tagged_logging.rb:28:in `tagged'
[3767d664-9d2e-43f8-9972-13674a94ffc8] activesupport (5.2.1) lib/active_support/tagged_logging.rb:71:in `tagged'
[3767d664-9d2e-43f8-9972-13674a94ffc8] railties (5.2.1) lib/rails/rack/logger.rb:26:in `call'
[3767d664-9d2e-43f8-9972-13674a94ffc8] actionpack (5.2.1) lib/action_dispatch/middleware/remote_ip.rb:81:in `call'
[3767d664-9d2e-43f8-9972-13674a94ffc8] actionpack (5.2.1) lib/action_dispatch/middleware/request_id.rb:27:in `call'
[3767d664-9d2e-43f8-9972-13674a94ffc8] rack (2.0.6) lib/rack/method_override.rb:22:in `call'
[3767d664-9d2e-43f8-9972-13674a94ffc8] rack (2.0.6) lib/rack/runtime.rb:22:in `call'
[3767d664-9d2e-43f8-9972-13674a94ffc8] activesupport (5.2.1) lib/active_support/cache/strategy/local_cache_middleware.rb:29:in `call'
[3767d664-9d2e-43f8-9972-13674a94ffc8] actionpack (5.2.1) lib/action_dispatch/middleware/executor.rb:14:in `call'
[3767d664-9d2e-43f8-9972-13674a94ffc8] rack (2.0.6) lib/rack/sendfile.rb:111:in `call'
[3767d664-9d2e-43f8-9972-13674a94ffc8] railties (5.2.1) lib/rails/engine.rb:524:in `call'
[3767d664-9d2e-43f8-9972-13674a94ffc8] puma (3.12.0) lib/puma/configuration.rb:225:in `call'
[3767d664-9d2e-43f8-9972-13674a94ffc8] puma (3.12.0) lib/puma/server.rb:658:in `handle_request'
[3767d664-9d2e-43f8-9972-13674a94ffc8] puma (3.12.0) lib/puma/server.rb:472:in `process_client'
[3767d664-9d2e-43f8-9972-13674a94ffc8] puma (3.12.0) lib/puma/server.rb:332:in `block in run'
[3767d664-9d2e-43f8-9972-13674a94ffc8] puma (3.12.0) lib/puma/thread_pool.rb:133:in `block in spawn_thread'
I, [2018-11-07T14:54:16.484374 #66654]  INFO -- : [7f51dabb-7ea0-40c3-82a2-5406c66939f3] Started GET "/assets/image_google-5776cd87617eacec3bc00ebcf530d1924026033eda852f706c1a675a98915826.png" for 127.0.0.1 at 2018-11-07 14:54:16 +0100
F, [2018-11-07T14:54:16.485812 #66654] FATAL -- : [7f51dabb-7ea0-40c3-82a2-5406c66939f3]   
F, [2018-11-07T14:54:16.485955 #66654] FATAL -- : [7f51dabb-7ea0-40c3-82a2-5406c66939f3] ActionController::RoutingError (No route matches [GET] "/assets/image_google-5776cd87617eacec3bc00ebcf530d1924026033eda852f706c1a675a98915826.png"):
F, [2018-11-07T14:54:16.486010 #66654] FATAL -- : [7f51dabb-7ea0-40c3-82a2-5406c66939f3]   
F, [2018-11-07T14:54:16.486072 #66654] FATAL -- : [7f51dabb-7ea0-40c3-82a2-5406c66939f3] actionpack (5.2.1) lib/action_dispatch/middleware/debug_exceptions.rb:65:in `call'
[7f51dabb-7ea0-40c3-82a2-5406c66939f3] actionpack (5.2.1) lib/action_dispatch/middleware/show_exceptions.rb:33:in `call'
[7f51dabb-7ea0-40c3-82a2-5406c66939f3] railties (5.2.1) lib/rails/rack/logger.rb:38:in `call_app'
[7f51dabb-7ea0-40c3-82a2-5406c66939f3] railties (5.2.1) lib/rails/rack/logger.rb:26:in `block in call'
[7f51dabb-7ea0-40c3-82a2-5406c66939f3] activesupport (5.2.1) lib/active_support/tagged_logging.rb:71:in `block in tagged'
[7f51dabb-7ea0-40c3-82a2-5406c66939f3] activesupport (5.2.1) lib/active_support/tagged_logging.rb:28:in `tagged'
[7f51dabb-7ea0-40c3-82a2-5406c66939f3] activesupport (5.2.1) lib/active_support/tagged_logging.rb:71:in `tagged'
[7f51dabb-7ea0-40c3-82a2-5406c66939f3] railties (5.2.1) lib/rails/rack/logger.rb:26:in `call'
[7f51dabb-7ea0-40c3-82a2-5406c66939f3] actionpack (5.2.1) lib/action_dispatch/middleware/remote_ip.rb:81:in `call'
[7f51dabb-7ea0-40c3-82a2-5406c66939f3] actionpack (5.2.1) lib/action_dispatch/middleware/request_id.rb:27:in `call'
[7f51dabb-7ea0-40c3-82a2-5406c66939f3] rack (2.0.6) lib/rack/method_override.rb:22:in `call'
[7f51dabb-7ea0-40c3-82a2-5406c66939f3] rack (2.0.6) lib/rack/runtime.rb:22:in `call'
[7f51dabb-7ea0-40c3-82a2-5406c66939f3] activesupport (5.2.1) lib/active_support/cache/strategy/local_cache_middleware.rb:29:in `call'
[7f51dabb-7ea0-40c3-82a2-5406c66939f3] actionpack (5.2.1) lib/action_dispatch/middleware/executor.rb:14:in `call'
[7f51dabb-7ea0-40c3-82a2-5406c66939f3] rack (2.0.6) lib/rack/sendfile.rb:111:in `call'
[7f51dabb-7ea0-40c3-82a2-5406c66939f3] railties (5.2.1) lib/rails/engine.rb:524:in `call'
[7f51dabb-7ea0-40c3-82a2-5406c66939f3] puma (3.12.0) lib/puma/configuration.rb:225:in `call'
[7f51dabb-7ea0-40c3-82a2-5406c66939f3] puma (3.12.0) lib/puma/server.rb:658:in `handle_request'
[7f51dabb-7ea0-40c3-82a2-5406c66939f3] puma (3.12.0) lib/puma/server.rb:472:in `process_client'
[7f51dabb-7ea0-40c3-82a2-5406c66939f3] puma (3.12.0) lib/puma/server.rb:332:in `block in run'
[7f51dabb-7ea0-40c3-82a2-5406c66939f3] puma (3.12.0) lib/puma/thread_pool.rb:133:in `block in spawn_thread'
I, [2018-11-07T14:55:02.581667 #66654]  INFO -- : [3f3974b3-a22e-4e27-b66e-1fa500f455e2] Started GET "/" for 127.0.0.1 at 2018-11-07 14:55:02 +0100
I, [2018-11-07T14:55:02.584437 #66654]  INFO -- : [3f3974b3-a22e-4e27-b66e-1fa500f455e2] Processing by HomeController#index as HTML
I, [2018-11-07T14:55:02.585655 #66654]  INFO -- : [3f3974b3-a22e-4e27-b66e-1fa500f455e2]   Rendering home/index.html.erb within layouts/application
I, [2018-11-07T14:55:02.586057 #66654]  INFO -- : [3f3974b3-a22e-4e27-b66e-1fa500f455e2]   Rendered home/index.html.erb within layouts/application (0.2ms)
I, [2018-11-07T14:55:02.586917 #66654]  INFO -- : [3f3974b3-a22e-4e27-b66e-1fa500f455e2] Completed 200 OK in 2ms (Views: 1.5ms)
I, [2018-11-07T14:55:02.662666 #66654]  INFO -- : [9ccd337f-b98b-4813-ad42-07a3ba4e42db] Started GET "/assets/application-e3f834ee11839493b9fe6bf4d485db6c6b5cb16657d2ebeb45d61e6722aeff73.css" for 127.0.0.1 at 2018-11-07 14:55:02 +0100
F, [2018-11-07T14:55:02.665560 #66654] FATAL -- : [9ccd337f-b98b-4813-ad42-07a3ba4e42db]   
F, [2018-11-07T14:55:02.665685 #66654] FATAL -- : [9ccd337f-b98b-4813-ad42-07a3ba4e42db] ActionController::RoutingError (No route matches [GET] "/assets/application-e3f834ee11839493b9fe6bf4d485db6c6b5cb16657d2ebeb45d61e6722aeff73.css"):
F, [2018-11-07T14:55:02.665737 #66654] FATAL -- : [9ccd337f-b98b-4813-ad42-07a3ba4e42db]   
F, [2018-11-07T14:55:02.665801 #66654] FATAL -- : [9ccd337f-b98b-4813-ad42-07a3ba4e42db] actionpack (5.2.1) lib/action_dispatch/middleware/debug_exceptions.rb:65:in `call'
[9ccd337f-b98b-4813-ad42-07a3ba4e42db] actionpack (5.2.1) lib/action_dispatch/middleware/show_exceptions.rb:33:in `call'
[9ccd337f-b98b-4813-ad42-07a3ba4e42db] railties (5.2.1) lib/rails/rack/logger.rb:38:in `call_app'
[9ccd337f-b98b-4813-ad42-07a3ba4e42db] railties (5.2.1) lib/rails/rack/logger.rb:26:in `block in call'
[9ccd337f-b98b-4813-ad42-07a3ba4e42db] activesupport (5.2.1) lib/active_support/tagged_logging.rb:71:in `block in tagged'
[9ccd337f-b98b-4813-ad42-07a3ba4e42db] activesupport (5.2.1) lib/active_support/tagged_logging.rb:28:in `tagged'
[9ccd337f-b98b-4813-ad42-07a3ba4e42db] activesupport (5.2.1) lib/active_support/tagged_logging.rb:71:in `tagged'
[9ccd337f-b98b-4813-ad42-07a3ba4e42db] railties (5.2.1) lib/rails/rack/logger.rb:26:in `call'
[9ccd337f-b98b-4813-ad42-07a3ba4e42db] actionpack (5.2.1) lib/action_dispatch/middleware/remote_ip.rb:81:in `call'
[9ccd337f-b98b-4813-ad42-07a3ba4e42db] actionpack (5.2.1) lib/action_dispatch/middleware/request_id.rb:27:in `call'
[9ccd337f-b98b-4813-ad42-07a3ba4e42db] rack (2.0.6) lib/rack/method_override.rb:22:in `call'
[9ccd337f-b98b-4813-ad42-07a3ba4e42db] rack (2.0.6) lib/rack/runtime.rb:22:in `call'
[9ccd337f-b98b-4813-ad42-07a3ba4e42db] activesupport (5.2.1) lib/active_support/cache/strategy/local_cache_middleware.rb:29:in `call'
[9ccd337f-b98b-4813-ad42-07a3ba4e42db] actionpack (5.2.1) lib/action_dispatch/middleware/executor.rb:14:in `call'
[9ccd337f-b98b-4813-ad42-07a3ba4e42db] rack (2.0.6) lib/rack/sendfile.rb:111:in `call'
[9ccd337f-b98b-4813-ad42-07a3ba4e42db] railties (5.2.1) lib/rails/engine.rb:524:in `call'
[9ccd337f-b98b-4813-ad42-07a3ba4e42db] puma (3.12.0) lib/puma/configuration.rb:225:in `call'
[9ccd337f-b98b-4813-ad42-07a3ba4e42db] puma (3.12.0) lib/puma/server.rb:658:in `handle_request'
[9ccd337f-b98b-4813-ad42-07a3ba4e42db] puma (3.12.0) lib/puma/server.rb:472:in `process_client'
[9ccd337f-b98b-4813-ad42-07a3ba4e42db] puma (3.12.0) lib/puma/server.rb:332:in `block in run'
[9ccd337f-b98b-4813-ad42-07a3ba4e42db] puma (3.12.0) lib/puma/thread_pool.rb:133:in `block in spawn_thread'
I, [2018-11-07T14:55:02.667130 #66654]  INFO -- : [06829484-6038-4739-9c80-af293cb6670d] Started GET "/page_google.css" for 127.0.0.1 at 2018-11-07 14:55:02 +0100
F, [2018-11-07T14:55:02.669083 #66654] FATAL -- : [06829484-6038-4739-9c80-af293cb6670d]   
F, [2018-11-07T14:55:02.669188 #66654] FATAL -- : [06829484-6038-4739-9c80-af293cb6670d] ActionController::RoutingError (No route matches [GET] "/page_google.css"):
F, [2018-11-07T14:55:02.669242 #66654] FATAL -- : [06829484-6038-4739-9c80-af293cb6670d]   
F, [2018-11-07T14:55:02.669308 #66654] FATAL -- : [06829484-6038-4739-9c80-af293cb6670d] actionpack (5.2.1) lib/action_dispatch/middleware/debug_exceptions.rb:65:in `call'
[06829484-6038-4739-9c80-af293cb6670d] actionpack (5.2.1) lib/action_dispatch/middleware/show_exceptions.rb:33:in `call'
[06829484-6038-4739-9c80-af293cb6670d] railties (5.2.1) lib/rails/rack/logger.rb:38:in `call_app'
[06829484-6038-4739-9c80-af293cb6670d] railties (5.2.1) lib/rails/rack/logger.rb:26:in `block in call'
[06829484-6038-4739-9c80-af293cb6670d] activesupport (5.2.1) lib/active_support/tagged_logging.rb:71:in `block in tagged'
[06829484-6038-4739-9c80-af293cb6670d] activesupport (5.2.1) lib/active_support/tagged_logging.rb:28:in `tagged'
[06829484-6038-4739-9c80-af293cb6670d] activesupport (5.2.1) lib/active_support/tagged_logging.rb:71:in `tagged'
[06829484-6038-4739-9c80-af293cb6670d] railties (5.2.1) lib/rails/rack/logger.rb:26:in `call'
[06829484-6038-4739-9c80-af293cb6670d] actionpack (5.2.1) lib/action_dispatch/middleware/remote_ip.rb:81:in `call'
[06829484-6038-4739-9c80-af293cb6670d] actionpack (5.2.1) lib/action_dispatch/middleware/request_id.rb:27:in `call'
[06829484-6038-4739-9c80-af293cb6670d] rack (2.0.6) lib/rack/method_override.rb:22:in `call'
[06829484-6038-4739-9c80-af293cb6670d] rack (2.0.6) lib/rack/runtime.rb:22:in `call'
[06829484-6038-4739-9c80-af293cb6670d] activesupport (5.2.1) lib/active_support/cache/strategy/local_cache_middleware.rb:29:in `call'
[06829484-6038-4739-9c80-af293cb6670d] actionpack (5.2.1) lib/action_dispatch/middleware/executor.rb:14:in `call'
[06829484-6038-4739-9c80-af293cb6670d] rack (2.0.6) lib/rack/sendfile.rb:111:in `call'
[06829484-6038-4739-9c80-af293cb6670d] railties (5.2.1) lib/rails/engine.rb:524:in `call'
[06829484-6038-4739-9c80-af293cb6670d] puma (3.12.0) lib/puma/configuration.rb:225:in `call'
[06829484-6038-4739-9c80-af293cb6670d] puma (3.12.0) lib/puma/server.rb:658:in `handle_request'
[06829484-6038-4739-9c80-af293cb6670d] puma (3.12.0) lib/puma/server.rb:472:in `process_client'
[06829484-6038-4739-9c80-af293cb6670d] puma (3.12.0) lib/puma/server.rb:332:in `block in run'
[06829484-6038-4739-9c80-af293cb6670d] puma (3.12.0) lib/puma/thread_pool.rb:133:in `block in spawn_thread'
I, [2018-11-07T14:55:02.677401 #66654]  INFO -- : [e79f5f52-dd82-4fbd-b3ae-0ffd81b3a0ed] Started GET "/assets/image_google-5776cd87617eacec3bc00ebcf530d1924026033eda852f706c1a675a98915826.png" for 127.0.0.1 at 2018-11-07 14:55:02 +0100
F, [2018-11-07T14:55:02.678663 #66654] FATAL -- : [e79f5f52-dd82-4fbd-b3ae-0ffd81b3a0ed]   
F, [2018-11-07T14:55:02.678774 #66654] FATAL -- : [e79f5f52-dd82-4fbd-b3ae-0ffd81b3a0ed] ActionController::RoutingError (No route matches [GET] "/assets/image_google-5776cd87617eacec3bc00ebcf530d1924026033eda852f706c1a675a98915826.png"):
F, [2018-11-07T14:55:02.678830 #66654] FATAL -- : [e79f5f52-dd82-4fbd-b3ae-0ffd81b3a0ed]   
F, [2018-11-07T14:55:02.678894 #66654] FATAL -- : [e79f5f52-dd82-4fbd-b3ae-0ffd81b3a0ed] actionpack (5.2.1) lib/action_dispatch/middleware/debug_exceptions.rb:65:in `call'
[e79f5f52-dd82-4fbd-b3ae-0ffd81b3a0ed] actionpack (5.2.1) lib/action_dispatch/middleware/show_exceptions.rb:33:in `call'
[e79f5f52-dd82-4fbd-b3ae-0ffd81b3a0ed] railties (5.2.1) lib/rails/rack/logger.rb:38:in `call_app'
[e79f5f52-dd82-4fbd-b3ae-0ffd81b3a0ed] railties (5.2.1) lib/rails/rack/logger.rb:26:in `block in call'
[e79f5f52-dd82-4fbd-b3ae-0ffd81b3a0ed] activesupport (5.2.1) lib/active_support/tagged_logging.rb:71:in `block in tagged'
[e79f5f52-dd82-4fbd-b3ae-0ffd81b3a0ed] activesupport (5.2.1) lib/active_support/tagged_logging.rb:28:in `tagged'
[e79f5f52-dd82-4fbd-b3ae-0ffd81b3a0ed] activesupport (5.2.1) lib/active_support/tagged_logging.rb:71:in `tagged'
[e79f5f52-dd82-4fbd-b3ae-0ffd81b3a0ed] railties (5.2.1) lib/rails/rack/logger.rb:26:in `call'
[e79f5f52-dd82-4fbd-b3ae-0ffd81b3a0ed] actionpack (5.2.1) lib/action_dispatch/middleware/remote_ip.rb:81:in `call'
[e79f5f52-dd82-4fbd-b3ae-0ffd81b3a0ed] actionpack (5.2.1) lib/action_dispatch/middleware/request_id.rb:27:in `call'
[e79f5f52-dd82-4fbd-b3ae-0ffd81b3a0ed] rack (2.0.6) lib/rack/method_override.rb:22:in `call'
[e79f5f52-dd82-4fbd-b3ae-0ffd81b3a0ed] rack (2.0.6) lib/rack/runtime.rb:22:in `call'
[e79f5f52-dd82-4fbd-b3ae-0ffd81b3a0ed] activesupport (5.2.1) lib/active_support/cache/strategy/local_cache_middleware.rb:29:in `call'
[e79f5f52-dd82-4fbd-b3ae-0ffd81b3a0ed] actionpack (5.2.1) lib/action_dispatch/middleware/executor.rb:14:in `call'
[e79f5f52-dd82-4fbd-b3ae-0ffd81b3a0ed] rack (2.0.6) lib/rack/sendfile.rb:111:in `call'
[e79f5f52-dd82-4fbd-b3ae-0ffd81b3a0ed] railties (5.2.1) lib/rails/engine.rb:524:in `call'
[e79f5f52-dd82-4fbd-b3ae-0ffd81b3a0ed] puma (3.12.0) lib/puma/configuration.rb:225:in `call'
[e79f5f52-dd82-4fbd-b3ae-0ffd81b3a0ed] puma (3.12.0) lib/puma/server.rb:658:in `handle_request'
[e79f5f52-dd82-4fbd-b3ae-0ffd81b3a0ed] puma (3.12.0) lib/puma/server.rb:472:in `process_client'
[e79f5f52-dd82-4fbd-b3ae-0ffd81b3a0ed] puma (3.12.0) lib/puma/server.rb:332:in `block in run'
[e79f5f52-dd82-4fbd-b3ae-0ffd81b3a0ed] puma (3.12.0) lib/puma/thread_pool.rb:133:in `block in spawn_thread'
I, [2018-11-07T14:55:02.685249 #66654]  INFO -- : [62693dcf-860f-4e5a-922d-ff4284dccc7a] Started GET "/assets/application-c03f5e3e45f2560ad956471c98585d2b01a757f4cd94b552550afbd8eb320c21.js" for 127.0.0.1 at 2018-11-07 14:55:02 +0100
F, [2018-11-07T14:55:02.686304 #66654] FATAL -- : [62693dcf-860f-4e5a-922d-ff4284dccc7a]   
F, [2018-11-07T14:55:02.686412 #66654] FATAL -- : [62693dcf-860f-4e5a-922d-ff4284dccc7a] ActionController::RoutingError (No route matches [GET] "/assets/application-c03f5e3e45f2560ad956471c98585d2b01a757f4cd94b552550afbd8eb320c21.js"):
F, [2018-11-07T14:55:02.686487 #66654] FATAL -- : [62693dcf-860f-4e5a-922d-ff4284dccc7a]   
F, [2018-11-07T14:55:02.691550 #66654] FATAL -- : [62693dcf-860f-4e5a-922d-ff4284dccc7a] actionpack (5.2.1) lib/action_dispatch/middleware/debug_exceptions.rb:65:in `call'
[62693dcf-860f-4e5a-922d-ff4284dccc7a] actionpack (5.2.1) lib/action_dispatch/middleware/show_exceptions.rb:33:in `call'
[62693dcf-860f-4e5a-922d-ff4284dccc7a] railties (5.2.1) lib/rails/rack/logger.rb:38:in `call_app'
[62693dcf-860f-4e5a-922d-ff4284dccc7a] railties (5.2.1) lib/rails/rack/logger.rb:26:in `block in call'
[62693dcf-860f-4e5a-922d-ff4284dccc7a] activesupport (5.2.1) lib/active_support/tagged_logging.rb:71:in `block in tagged'
[62693dcf-860f-4e5a-922d-ff4284dccc7a] activesupport (5.2.1) lib/active_support/tagged_logging.rb:28:in `tagged'
[62693dcf-860f-4e5a-922d-ff4284dccc7a] activesupport (5.2.1) lib/active_support/tagged_logging.rb:71:in `tagged'
[62693dcf-860f-4e5a-922d-ff4284dccc7a] railties (5.2.1) lib/rails/rack/logger.rb:26:in `call'
[62693dcf-860f-4e5a-922d-ff4284dccc7a] actionpack (5.2.1) lib/action_dispatch/middleware/remote_ip.rb:81:in `call'
[62693dcf-860f-4e5a-922d-ff4284dccc7a] actionpack (5.2.1) lib/action_dispatch/middleware/request_id.rb:27:in `call'
[62693dcf-860f-4e5a-922d-ff4284dccc7a] rack (2.0.6) lib/rack/method_override.rb:22:in `call'
[62693dcf-860f-4e5a-922d-ff4284dccc7a] rack (2.0.6) lib/rack/runtime.rb:22:in `call'
[62693dcf-860f-4e5a-922d-ff4284dccc7a] activesupport (5.2.1) lib/active_support/cache/strategy/local_cache_middleware.rb:29:in `call'
[62693dcf-860f-4e5a-922d-ff4284dccc7a] actionpack (5.2.1) lib/action_dispatch/middleware/executor.rb:14:in `call'
[62693dcf-860f-4e5a-922d-ff4284dccc7a] rack (2.0.6) lib/rack/sendfile.rb:111:in `call'
[62693dcf-860f-4e5a-922d-ff4284dccc7a] railties (5.2.1) lib/rails/engine.rb:524:in `call'
[62693dcf-860f-4e5a-922d-ff4284dccc7a] puma (3.12.0) lib/puma/configuration.rb:225:in `call'
[62693dcf-860f-4e5a-922d-ff4284dccc7a] puma (3.12.0) lib/puma/server.rb:658:in `handle_request'
[62693dcf-860f-4e5a-922d-ff4284dccc7a] puma (3.12.0) lib/puma/server.rb:472:in `process_client'
[62693dcf-860f-4e5a-922d-ff4284dccc7a] puma (3.12.0) lib/puma/server.rb:332:in `block in run'
[62693dcf-860f-4e5a-922d-ff4284dccc7a] puma (3.12.0) lib/puma/thread_pool.rb:133:in `block in spawn_thread'
I, [2018-11-07T14:55:02.748483 #66654]  INFO -- : [68dca389-0829-4f6a-b8c9-f5c24c85d84f] Started GET "/page_google.css" for 127.0.0.1 at 2018-11-07 14:55:02 +0100
F, [2018-11-07T14:55:02.749140 #66654] FATAL -- : [68dca389-0829-4f6a-b8c9-f5c24c85d84f]   
F, [2018-11-07T14:55:02.749184 #66654] FATAL -- : [68dca389-0829-4f6a-b8c9-f5c24c85d84f] ActionController::RoutingError (No route matches [GET] "/page_google.css"):
F, [2018-11-07T14:55:02.749215 #66654] FATAL -- : [68dca389-0829-4f6a-b8c9-f5c24c85d84f]   
F, [2018-11-07T14:55:02.749258 #66654] FATAL -- : [68dca389-0829-4f6a-b8c9-f5c24c85d84f] actionpack (5.2.1) lib/action_dispatch/middleware/debug_exceptions.rb:65:in `call'
[68dca389-0829-4f6a-b8c9-f5c24c85d84f] actionpack (5.2.1) lib/action_dispatch/middleware/show_exceptions.rb:33:in `call'
[68dca389-0829-4f6a-b8c9-f5c24c85d84f] railties (5.2.1) lib/rails/rack/logger.rb:38:in `call_app'
[68dca389-0829-4f6a-b8c9-f5c24c85d84f] railties (5.2.1) lib/rails/rack/logger.rb:26:in `block in call'
[68dca389-0829-4f6a-b8c9-f5c24c85d84f] activesupport (5.2.1) lib/active_support/tagged_logging.rb:71:in `block in tagged'
[68dca389-0829-4f6a-b8c9-f5c24c85d84f] activesupport (5.2.1) lib/active_support/tagged_logging.rb:28:in `tagged'
[68dca389-0829-4f6a-b8c9-f5c24c85d84f] activesupport (5.2.1) lib/active_support/tagged_logging.rb:71:in `tagged'
[68dca389-0829-4f6a-b8c9-f5c24c85d84f] railties (5.2.1) lib/rails/rack/logger.rb:26:in `call'
[68dca389-0829-4f6a-b8c9-f5c24c85d84f] actionpack (5.2.1) lib/action_dispatch/middleware/remote_ip.rb:81:in `call'
[68dca389-0829-4f6a-b8c9-f5c24c85d84f] actionpack (5.2.1) lib/action_dispatch/middleware/request_id.rb:27:in `call'
[68dca389-0829-4f6a-b8c9-f5c24c85d84f] rack (2.0.6) lib/rack/method_override.rb:22:in `call'
[68dca389-0829-4f6a-b8c9-f5c24c85d84f] rack (2.0.6) lib/rack/runtime.rb:22:in `call'
[68dca389-0829-4f6a-b8c9-f5c24c85d84f] activesupport (5.2.1) lib/active_support/cache/strategy/local_cache_middleware.rb:29:in `call'
[68dca389-0829-4f6a-b8c9-f5c24c85d84f] actionpack (5.2.1) lib/action_dispatch/middleware/executor.rb:14:in `call'
[68dca389-0829-4f6a-b8c9-f5c24c85d84f] rack (2.0.6) lib/rack/sendfile.rb:111:in `call'
[68dca389-0829-4f6a-b8c9-f5c24c85d84f] railties (5.2.1) lib/rails/engine.rb:524:in `call'
[68dca389-0829-4f6a-b8c9-f5c24c85d84f] puma (3.12.0) lib/puma/configuration.rb:225:in `call'
[68dca389-0829-4f6a-b8c9-f5c24c85d84f] puma (3.12.0) lib/puma/server.rb:658:in `handle_request'
[68dca389-0829-4f6a-b8c9-f5c24c85d84f] puma (3.12.0) lib/puma/server.rb:472:in `process_client'
[68dca389-0829-4f6a-b8c9-f5c24c85d84f] puma (3.12.0) lib/puma/server.rb:332:in `block in run'
[68dca389-0829-4f6a-b8c9-f5c24c85d84f] puma (3.12.0) lib/puma/thread_pool.rb:133:in `block in spawn_thread'
I, [2018-11-07T14:55:03.803210 #66654]  INFO -- : [13e8c985-0e45-4847-8a37-e74f4da8fc9a] Started GET "/" for 127.0.0.1 at 2018-11-07 14:55:03 +0100
I, [2018-11-07T14:55:03.803855 #66654]  INFO -- : [13e8c985-0e45-4847-8a37-e74f4da8fc9a] Processing by HomeController#index as HTML
I, [2018-11-07T14:55:03.804772 #66654]  INFO -- : [13e8c985-0e45-4847-8a37-e74f4da8fc9a]   Rendering home/index.html.erb within layouts/application
I, [2018-11-07T14:55:03.805032 #66654]  INFO -- : [13e8c985-0e45-4847-8a37-e74f4da8fc9a]   Rendered home/index.html.erb within layouts/application (0.2ms)
I, [2018-11-07T14:55:03.805595 #66654]  INFO -- : [13e8c985-0e45-4847-8a37-e74f4da8fc9a] Completed 200 OK in 2ms (Views: 1.0ms)
I, [2018-11-07T14:55:03.865677 #66654]  INFO -- : [7db7658d-983b-402e-af02-9f009b39f445] Started GET "/assets/application-e3f834ee11839493b9fe6bf4d485db6c6b5cb16657d2ebeb45d61e6722aeff73.css" for 127.0.0.1 at 2018-11-07 14:55:03 +0100
F, [2018-11-07T14:55:03.866882 #66654] FATAL -- : [7db7658d-983b-402e-af02-9f009b39f445]   
F, [2018-11-07T14:55:03.866980 #66654] FATAL -- : [7db7658d-983b-402e-af02-9f009b39f445] ActionController::RoutingError (No route matches [GET] "/assets/application-e3f834ee11839493b9fe6bf4d485db6c6b5cb16657d2ebeb45d61e6722aeff73.css"):
F, [2018-11-07T14:55:03.867033 #66654] FATAL -- : [7db7658d-983b-402e-af02-9f009b39f445]   
F, [2018-11-07T14:55:03.867098 #66654] FATAL -- : [7db7658d-983b-402e-af02-9f009b39f445] actionpack (5.2.1) lib/action_dispatch/middleware/debug_exceptions.rb:65:in `call'
[7db7658d-983b-402e-af02-9f009b39f445] actionpack (5.2.1) lib/action_dispatch/middleware/show_exceptions.rb:33:in `call'
[7db7658d-983b-402e-af02-9f009b39f445] railties (5.2.1) lib/rails/rack/logger.rb:38:in `call_app'
[7db7658d-983b-402e-af02-9f009b39f445] railties (5.2.1) lib/rails/rack/logger.rb:26:in `block in call'
[7db7658d-983b-402e-af02-9f009b39f445] activesupport (5.2.1) lib/active_support/tagged_logging.rb:71:in `block in tagged'
[7db7658d-983b-402e-af02-9f009b39f445] activesupport (5.2.1) lib/active_support/tagged_logging.rb:28:in `tagged'
[7db7658d-983b-402e-af02-9f009b39f445] activesupport (5.2.1) lib/active_support/tagged_logging.rb:71:in `tagged'
[7db7658d-983b-402e-af02-9f009b39f445] railties (5.2.1) lib/rails/rack/logger.rb:26:in `call'
[7db7658d-983b-402e-af02-9f009b39f445] actionpack (5.2.1) lib/action_dispatch/middleware/remote_ip.rb:81:in `call'
[7db7658d-983b-402e-af02-9f009b39f445] actionpack (5.2.1) lib/action_dispatch/middleware/request_id.rb:27:in `call'
[7db7658d-983b-402e-af02-9f009b39f445] rack (2.0.6) lib/rack/method_override.rb:22:in `call'
[7db7658d-983b-402e-af02-9f009b39f445] rack (2.0.6) lib/rack/runtime.rb:22:in `call'
[7db7658d-983b-402e-af02-9f009b39f445] activesupport (5.2.1) lib/active_support/cache/strategy/local_cache_middleware.rb:29:in `call'
[7db7658d-983b-402e-af02-9f009b39f445] actionpack (5.2.1) lib/action_dispatch/middleware/executor.rb:14:in `call'
[7db7658d-983b-402e-af02-9f009b39f445] rack (2.0.6) lib/rack/sendfile.rb:111:in `call'
[7db7658d-983b-402e-af02-9f009b39f445] railties (5.2.1) lib/rails/engine.rb:524:in `call'
[7db7658d-983b-402e-af02-9f009b39f445] puma (3.12.0) lib/puma/configuration.rb:225:in `call'
[7db7658d-983b-402e-af02-9f009b39f445] puma (3.12.0) lib/puma/server.rb:658:in `handle_request'
[7db7658d-983b-402e-af02-9f009b39f445] puma (3.12.0) lib/puma/server.rb:472:in `process_client'
[7db7658d-983b-402e-af02-9f009b39f445] puma (3.12.0) lib/puma/server.rb:332:in `block in run'
[7db7658d-983b-402e-af02-9f009b39f445] puma (3.12.0) lib/puma/thread_pool.rb:133:in `block in spawn_thread'
I, [2018-11-07T14:55:03.868514 #66654]  INFO -- : [e7952326-b350-47af-9ece-a9a79ddbf3d5] Started GET "/assets/image_google-5776cd87617eacec3bc00ebcf530d1924026033eda852f706c1a675a98915826.png" for 127.0.0.1 at 2018-11-07 14:55:03 +0100
F, [2018-11-07T14:55:03.869617 #66654] FATAL -- : [e7952326-b350-47af-9ece-a9a79ddbf3d5]   
F, [2018-11-07T14:55:03.869710 #66654] FATAL -- : [e7952326-b350-47af-9ece-a9a79ddbf3d5] ActionController::RoutingError (No route matches [GET] "/assets/image_google-5776cd87617eacec3bc00ebcf530d1924026033eda852f706c1a675a98915826.png"):
F, [2018-11-07T14:55:03.869766 #66654] FATAL -- : [e7952326-b350-47af-9ece-a9a79ddbf3d5]   
F, [2018-11-07T14:55:03.869834 #66654] FATAL -- : [e7952326-b350-47af-9ece-a9a79ddbf3d5] actionpack (5.2.1) lib/action_dispatch/middleware/debug_exceptions.rb:65:in `call'
[e7952326-b350-47af-9ece-a9a79ddbf3d5] actionpack (5.2.1) lib/action_dispatch/middleware/show_exceptions.rb:33:in `call'
[e7952326-b350-47af-9ece-a9a79ddbf3d5] railties (5.2.1) lib/rails/rack/logger.rb:38:in `call_app'
[e7952326-b350-47af-9ece-a9a79ddbf3d5] railties (5.2.1) lib/rails/rack/logger.rb:26:in `block in call'
[e7952326-b350-47af-9ece-a9a79ddbf3d5] activesupport (5.2.1) lib/active_support/tagged_logging.rb:71:in `block in tagged'
[e7952326-b350-47af-9ece-a9a79ddbf3d5] activesupport (5.2.1) lib/active_support/tagged_logging.rb:28:in `tagged'
[e7952326-b350-47af-9ece-a9a79ddbf3d5] activesupport (5.2.1) lib/active_support/tagged_logging.rb:71:in `tagged'
[e7952326-b350-47af-9ece-a9a79ddbf3d5] railties (5.2.1) lib/rails/rack/logger.rb:26:in `call'
[e7952326-b350-47af-9ece-a9a79ddbf3d5] actionpack (5.2.1) lib/action_dispatch/middleware/remote_ip.rb:81:in `call'
[e7952326-b350-47af-9ece-a9a79ddbf3d5] actionpack (5.2.1) lib/action_dispatch/middleware/request_id.rb:27:in `call'
[e7952326-b350-47af-9ece-a9a79ddbf3d5] rack (2.0.6) lib/rack/method_override.rb:22:in `call'
[e7952326-b350-47af-9ece-a9a79ddbf3d5] rack (2.0.6) lib/rack/runtime.rb:22:in `call'
[e7952326-b350-47af-9ece-a9a79ddbf3d5] activesupport (5.2.1) lib/active_support/cache/strategy/local_cache_middleware.rb:29:in `call'
[e7952326-b350-47af-9ece-a9a79ddbf3d5] actionpack (5.2.1) lib/action_dispatch/middleware/executor.rb:14:in `call'
[e7952326-b350-47af-9ece-a9a79ddbf3d5] rack (2.0.6) lib/rack/sendfile.rb:111:in `call'
[e7952326-b350-47af-9ece-a9a79ddbf3d5] railties (5.2.1) lib/rails/engine.rb:524:in `call'
[e7952326-b350-47af-9ece-a9a79ddbf3d5] puma (3.12.0) lib/puma/configuration.rb:225:in `call'
[e7952326-b350-47af-9ece-a9a79ddbf3d5] puma (3.12.0) lib/puma/server.rb:658:in `handle_request'
[e7952326-b350-47af-9ece-a9a79ddbf3d5] puma (3.12.0) lib/puma/server.rb:472:in `process_client'
[e7952326-b350-47af-9ece-a9a79ddbf3d5] puma (3.12.0) lib/puma/server.rb:332:in `block in run'
[e7952326-b350-47af-9ece-a9a79ddbf3d5] puma (3.12.0) lib/puma/thread_pool.rb:133:in `block in spawn_thread'
I, [2018-11-07T14:55:03.871734 #66654]  INFO -- : [de570cdb-fac0-409a-8507-ee1b930e960d] Started GET "/page_google.css" for 127.0.0.1 at 2018-11-07 14:55:03 +0100
F, [2018-11-07T14:55:03.873001 #66654] FATAL -- : [de570cdb-fac0-409a-8507-ee1b930e960d]   
F, [2018-11-07T14:55:03.873171 #66654] FATAL -- : [de570cdb-fac0-409a-8507-ee1b930e960d] ActionController::RoutingError (No route matches [GET] "/page_google.css"):
F, [2018-11-07T14:55:03.873260 #66654] FATAL -- : [de570cdb-fac0-409a-8507-ee1b930e960d]   
F, [2018-11-07T14:55:03.873329 #66654] FATAL -- : [de570cdb-fac0-409a-8507-ee1b930e960d] actionpack (5.2.1) lib/action_dispatch/middleware/debug_exceptions.rb:65:in `call'
[de570cdb-fac0-409a-8507-ee1b930e960d] actionpack (5.2.1) lib/action_dispatch/middleware/show_exceptions.rb:33:in `call'
[de570cdb-fac0-409a-8507-ee1b930e960d] railties (5.2.1) lib/rails/rack/logger.rb:38:in `call_app'
[de570cdb-fac0-409a-8507-ee1b930e960d] railties (5.2.1) lib/rails/rack/logger.rb:26:in `block in call'
[de570cdb-fac0-409a-8507-ee1b930e960d] activesupport (5.2.1) lib/active_support/tagged_logging.rb:71:in `block in tagged'
[de570cdb-fac0-409a-8507-ee1b930e960d] activesupport (5.2.1) lib/active_support/tagged_logging.rb:28:in `tagged'
[de570cdb-fac0-409a-8507-ee1b930e960d] activesupport (5.2.1) lib/active_support/tagged_logging.rb:71:in `tagged'
[de570cdb-fac0-409a-8507-ee1b930e960d] railties (5.2.1) lib/rails/rack/logger.rb:26:in `call'
[de570cdb-fac0-409a-8507-ee1b930e960d] actionpack (5.2.1) lib/action_dispatch/middleware/remote_ip.rb:81:in `call'
[de570cdb-fac0-409a-8507-ee1b930e960d] actionpack (5.2.1) lib/action_dispatch/middleware/request_id.rb:27:in `call'
[de570cdb-fac0-409a-8507-ee1b930e960d] rack (2.0.6) lib/rack/method_override.rb:22:in `call'
[de570cdb-fac0-409a-8507-ee1b930e960d] rack (2.0.6) lib/rack/runtime.rb:22:in `call'
[de570cdb-fac0-409a-8507-ee1b930e960d] activesupport (5.2.1) lib/active_support/cache/strategy/local_cache_middleware.rb:29:in `call'
[de570cdb-fac0-409a-8507-ee1b930e960d] actionpack (5.2.1) lib/action_dispatch/middleware/executor.rb:14:in `call'
[de570cdb-fac0-409a-8507-ee1b930e960d] rack (2.0.6) lib/rack/sendfile.rb:111:in `call'
[de570cdb-fac0-409a-8507-ee1b930e960d] railties (5.2.1) lib/rails/engine.rb:524:in `call'
[de570cdb-fac0-409a-8507-ee1b930e960d] puma (3.12.0) lib/puma/configuration.rb:225:in `call'
[de570cdb-fac0-409a-8507-ee1b930e960d] puma (3.12.0) lib/puma/server.rb:658:in `handle_request'
[de570cdb-fac0-409a-8507-ee1b930e960d] puma (3.12.0) lib/puma/server.rb:472:in `process_client'
[de570cdb-fac0-409a-8507-ee1b930e960d] puma (3.12.0) lib/puma/server.rb:332:in `block in run'
[de570cdb-fac0-409a-8507-ee1b930e960d] puma (3.12.0) lib/puma/thread_pool.rb:133:in `block in spawn_thread'
I, [2018-11-07T14:55:03.880561 #66654]  INFO -- : [e2127352-e377-4449-854b-2f0c1a55cb30] Started GET "/assets/application-c03f5e3e45f2560ad956471c98585d2b01a757f4cd94b552550afbd8eb320c21.js" for 127.0.0.1 at 2018-11-07 14:55:03 +0100
F, [2018-11-07T14:55:03.882101 #66654] FATAL -- : [e2127352-e377-4449-854b-2f0c1a55cb30]   
F, [2018-11-07T14:55:03.882233 #66654] FATAL -- : [e2127352-e377-4449-854b-2f0c1a55cb30] ActionController::RoutingError (No route matches [GET] "/assets/application-c03f5e3e45f2560ad956471c98585d2b01a757f4cd94b552550afbd8eb320c21.js"):
F, [2018-11-07T14:55:03.882394 #66654] FATAL -- : [e2127352-e377-4449-854b-2f0c1a55cb30]   
F, [2018-11-07T14:55:03.882492 #66654] FATAL -- : [e2127352-e377-4449-854b-2f0c1a55cb30] actionpack (5.2.1) lib/action_dispatch/middleware/debug_exceptions.rb:65:in `call'
[e2127352-e377-4449-854b-2f0c1a55cb30] actionpack (5.2.1) lib/action_dispatch/middleware/show_exceptions.rb:33:in `call'
[e2127352-e377-4449-854b-2f0c1a55cb30] railties (5.2.1) lib/rails/rack/logger.rb:38:in `call_app'
[e2127352-e377-4449-854b-2f0c1a55cb30] railties (5.2.1) lib/rails/rack/logger.rb:26:in `block in call'
[e2127352-e377-4449-854b-2f0c1a55cb30] activesupport (5.2.1) lib/active_support/tagged_logging.rb:71:in `block in tagged'
[e2127352-e377-4449-854b-2f0c1a55cb30] activesupport (5.2.1) lib/active_support/tagged_logging.rb:28:in `tagged'
[e2127352-e377-4449-854b-2f0c1a55cb30] activesupport (5.2.1) lib/active_support/tagged_logging.rb:71:in `tagged'
[e2127352-e377-4449-854b-2f0c1a55cb30] railties (5.2.1) lib/rails/rack/logger.rb:26:in `call'
[e2127352-e377-4449-854b-2f0c1a55cb30] actionpack (5.2.1) lib/action_dispatch/middleware/remote_ip.rb:81:in `call'
[e2127352-e377-4449-854b-2f0c1a55cb30] actionpack (5.2.1) lib/action_dispatch/middleware/request_id.rb:27:in `call'
[e2127352-e377-4449-854b-2f0c1a55cb30] rack (2.0.6) lib/rack/method_override.rb:22:in `call'
[e2127352-e377-4449-854b-2f0c1a55cb30] rack (2.0.6) lib/rack/runtime.rb:22:in `call'
[e2127352-e377-4449-854b-2f0c1a55cb30] activesupport (5.2.1) lib/active_support/cache/strategy/local_cache_middleware.rb:29:in `call'
[e2127352-e377-4449-854b-2f0c1a55cb30] actionpack (5.2.1) lib/action_dispatch/middleware/executor.rb:14:in `call'
[e2127352-e377-4449-854b-2f0c1a55cb30] rack (2.0.6) lib/rack/sendfile.rb:111:in `call'
[e2127352-e377-4449-854b-2f0c1a55cb30] railties (5.2.1) lib/rails/engine.rb:524:in `call'
[e2127352-e377-4449-854b-2f0c1a55cb30] puma (3.12.0) lib/puma/configuration.rb:225:in `call'
[e2127352-e377-4449-854b-2f0c1a55cb30] puma (3.12.0) lib/puma/server.rb:658:in `handle_request'
[e2127352-e377-4449-854b-2f0c1a55cb30] puma (3.12.0) lib/puma/server.rb:472:in `process_client'
[e2127352-e377-4449-854b-2f0c1a55cb30] puma (3.12.0) lib/puma/server.rb:332:in `block in run'
[e2127352-e377-4449-854b-2f0c1a55cb30] puma (3.12.0) lib/puma/thread_pool.rb:133:in `block in spawn_thread'
I, [2018-11-07T14:55:03.916236 #66654]  INFO -- : [6a8346c3-05ba-454f-a4d7-f0024972f189] Started GET "/page_google.css" for 127.0.0.1 at 2018-11-07 14:55:03 +0100
F, [2018-11-07T14:55:03.917064 #66654] FATAL -- : [6a8346c3-05ba-454f-a4d7-f0024972f189]   
F, [2018-11-07T14:55:03.917119 #66654] FATAL -- : [6a8346c3-05ba-454f-a4d7-f0024972f189] ActionController::RoutingError (No route matches [GET] "/page_google.css"):
F, [2018-11-07T14:55:03.917151 #66654] FATAL -- : [6a8346c3-05ba-454f-a4d7-f0024972f189]   
F, [2018-11-07T14:55:03.917189 #66654] FATAL -- : [6a8346c3-05ba-454f-a4d7-f0024972f189] actionpack (5.2.1) lib/action_dispatch/middleware/debug_exceptions.rb:65:in `call'
[6a8346c3-05ba-454f-a4d7-f0024972f189] actionpack (5.2.1) lib/action_dispatch/middleware/show_exceptions.rb:33:in `call'
[6a8346c3-05ba-454f-a4d7-f0024972f189] railties (5.2.1) lib/rails/rack/logger.rb:38:in `call_app'
[6a8346c3-05ba-454f-a4d7-f0024972f189] railties (5.2.1) lib/rails/rack/logger.rb:26:in `block in call'
[6a8346c3-05ba-454f-a4d7-f0024972f189] activesupport (5.2.1) lib/active_support/tagged_logging.rb:71:in `block in tagged'
[6a8346c3-05ba-454f-a4d7-f0024972f189] activesupport (5.2.1) lib/active_support/tagged_logging.rb:28:in `tagged'
[6a8346c3-05ba-454f-a4d7-f0024972f189] activesupport (5.2.1) lib/active_support/tagged_logging.rb:71:in `tagged'
[6a8346c3-05ba-454f-a4d7-f0024972f189] railties (5.2.1) lib/rails/rack/logger.rb:26:in `call'
[6a8346c3-05ba-454f-a4d7-f0024972f189] actionpack (5.2.1) lib/action_dispatch/middleware/remote_ip.rb:81:in `call'
[6a8346c3-05ba-454f-a4d7-f0024972f189] actionpack (5.2.1) lib/action_dispatch/middleware/request_id.rb:27:in `call'
[6a8346c3-05ba-454f-a4d7-f0024972f189] rack (2.0.6) lib/rack/method_override.rb:22:in `call'
[6a8346c3-05ba-454f-a4d7-f0024972f189] rack (2.0.6) lib/rack/runtime.rb:22:in `call'
[6a8346c3-05ba-454f-a4d7-f0024972f189] activesupport (5.2.1) lib/active_support/cache/strategy/local_cache_middleware.rb:29:in `call'
[6a8346c3-05ba-454f-a4d7-f0024972f189] actionpack (5.2.1) lib/action_dispatch/middleware/executor.rb:14:in `call'
[6a8346c3-05ba-454f-a4d7-f0024972f189] rack (2.0.6) lib/rack/sendfile.rb:111:in `call'
[6a8346c3-05ba-454f-a4d7-f0024972f189] railties (5.2.1) lib/rails/engine.rb:524:in `call'
[6a8346c3-05ba-454f-a4d7-f0024972f189] puma (3.12.0) lib/puma/configuration.rb:225:in `call'
[6a8346c3-05ba-454f-a4d7-f0024972f189] puma (3.12.0) lib/puma/server.rb:658:in `handle_request'
[6a8346c3-05ba-454f-a4d7-f0024972f189] puma (3.12.0) lib/puma/server.rb:472:in `process_client'
[6a8346c3-05ba-454f-a4d7-f0024972f189] puma (3.12.0) lib/puma/server.rb:332:in `block in run'
[6a8346c3-05ba-454f-a4d7-f0024972f189] puma (3.12.0) lib/puma/thread_pool.rb:133:in `block in spawn_thread'
I, [2018-11-07T14:55:06.764498 #66654]  INFO -- : [4c11e89c-d82b-4ef6-abb9-254e4529ed38] Started GET "/" for 127.0.0.1 at 2018-11-07 14:55:06 +0100
I, [2018-11-07T14:55:06.765053 #66654]  INFO -- : [4c11e89c-d82b-4ef6-abb9-254e4529ed38] Processing by HomeController#index as HTML
I, [2018-11-07T14:55:06.766107 #66654]  INFO -- : [4c11e89c-d82b-4ef6-abb9-254e4529ed38]   Rendering home/index.html.erb within layouts/application
I, [2018-11-07T14:55:06.766434 #66654]  INFO -- : [4c11e89c-d82b-4ef6-abb9-254e4529ed38]   Rendered home/index.html.erb within layouts/application (0.2ms)
I, [2018-11-07T14:55:06.767070 #66654]  INFO -- : [4c11e89c-d82b-4ef6-abb9-254e4529ed38] Completed 200 OK in 2ms (Views: 1.1ms)
I, [2018-11-07T14:55:06.805985 #66654]  INFO -- : [00a1b84e-66e2-47e4-8db3-ee54bd14d6ae] Started GET "/assets/application-e3f834ee11839493b9fe6bf4d485db6c6b5cb16657d2ebeb45d61e6722aeff73.css" for 127.0.0.1 at 2018-11-07 14:55:06 +0100
F, [2018-11-07T14:55:06.807226 #66654] FATAL -- : [00a1b84e-66e2-47e4-8db3-ee54bd14d6ae]   
F, [2018-11-07T14:55:06.807364 #66654] FATAL -- : [00a1b84e-66e2-47e4-8db3-ee54bd14d6ae] ActionController::RoutingError (No route matches [GET] "/assets/application-e3f834ee11839493b9fe6bf4d485db6c6b5cb16657d2ebeb45d61e6722aeff73.css"):
F, [2018-11-07T14:55:06.807425 #66654] FATAL -- : [00a1b84e-66e2-47e4-8db3-ee54bd14d6ae]   
F, [2018-11-07T14:55:06.807496 #66654] FATAL -- : [00a1b84e-66e2-47e4-8db3-ee54bd14d6ae] actionpack (5.2.1) lib/action_dispatch/middleware/debug_exceptions.rb:65:in `call'
[00a1b84e-66e2-47e4-8db3-ee54bd14d6ae] actionpack (5.2.1) lib/action_dispatch/middleware/show_exceptions.rb:33:in `call'
[00a1b84e-66e2-47e4-8db3-ee54bd14d6ae] railties (5.2.1) lib/rails/rack/logger.rb:38:in `call_app'
[00a1b84e-66e2-47e4-8db3-ee54bd14d6ae] railties (5.2.1) lib/rails/rack/logger.rb:26:in `block in call'
[00a1b84e-66e2-47e4-8db3-ee54bd14d6ae] activesupport (5.2.1) lib/active_support/tagged_logging.rb:71:in `block in tagged'
[00a1b84e-66e2-47e4-8db3-ee54bd14d6ae] activesupport (5.2.1) lib/active_support/tagged_logging.rb:28:in `tagged'
[00a1b84e-66e2-47e4-8db3-ee54bd14d6ae] activesupport (5.2.1) lib/active_support/tagged_logging.rb:71:in `tagged'
[00a1b84e-66e2-47e4-8db3-ee54bd14d6ae] railties (5.2.1) lib/rails/rack/logger.rb:26:in `call'
[00a1b84e-66e2-47e4-8db3-ee54bd14d6ae] actionpack (5.2.1) lib/action_dispatch/middleware/remote_ip.rb:81:in `call'
[00a1b84e-66e2-47e4-8db3-ee54bd14d6ae] actionpack (5.2.1) lib/action_dispatch/middleware/request_id.rb:27:in `call'
[00a1b84e-66e2-47e4-8db3-ee54bd14d6ae] rack (2.0.6) lib/rack/method_override.rb:22:in `call'
[00a1b84e-66e2-47e4-8db3-ee54bd14d6ae] rack (2.0.6) lib/rack/runtime.rb:22:in `call'
[00a1b84e-66e2-47e4-8db3-ee54bd14d6ae] activesupport (5.2.1) lib/active_support/cache/strategy/local_cache_middleware.rb:29:in `call'
[00a1b84e-66e2-47e4-8db3-ee54bd14d6ae] actionpack (5.2.1) lib/action_dispatch/middleware/executor.rb:14:in `call'
[00a1b84e-66e2-47e4-8db3-ee54bd14d6ae] rack (2.0.6) lib/rack/sendfile.rb:111:in `call'
[00a1b84e-66e2-47e4-8db3-ee54bd14d6ae] railties (5.2.1) lib/rails/engine.rb:524:in `call'
[00a1b84e-66e2-47e4-8db3-ee54bd14d6ae] puma (3.12.0) lib/puma/configuration.rb:225:in `call'
[00a1b84e-66e2-47e4-8db3-ee54bd14d6ae] puma (3.12.0) lib/puma/server.rb:658:in `handle_request'
[00a1b84e-66e2-47e4-8db3-ee54bd14d6ae] puma (3.12.0) lib/puma/server.rb:472:in `process_client'
[00a1b84e-66e2-47e4-8db3-ee54bd14d6ae] puma (3.12.0) lib/puma/server.rb:332:in `block in run'
[00a1b84e-66e2-47e4-8db3-ee54bd14d6ae] puma (3.12.0) lib/puma/thread_pool.rb:133:in `block in spawn_thread'
I, [2018-11-07T14:55:06.822550 #66654]  INFO -- : [85bfcdea-d111-43b6-9e30-dd3df0baea7c] Started GET "/assets/application-c03f5e3e45f2560ad956471c98585d2b01a757f4cd94b552550afbd8eb320c21.js" for 127.0.0.1 at 2018-11-07 14:55:06 +0100
F, [2018-11-07T14:55:06.823758 #66654] FATAL -- : [85bfcdea-d111-43b6-9e30-dd3df0baea7c]   
F, [2018-11-07T14:55:06.823874 #66654] FATAL -- : [85bfcdea-d111-43b6-9e30-dd3df0baea7c] ActionController::RoutingError (No route matches [GET] "/assets/application-c03f5e3e45f2560ad956471c98585d2b01a757f4cd94b552550afbd8eb320c21.js"):
F, [2018-11-07T14:55:06.823938 #66654] FATAL -- : [85bfcdea-d111-43b6-9e30-dd3df0baea7c]   
F, [2018-11-07T14:55:06.824197 #66654] FATAL -- : [85bfcdea-d111-43b6-9e30-dd3df0baea7c] actionpack (5.2.1) lib/action_dispatch/middleware/debug_exceptions.rb:65:in `call'
[85bfcdea-d111-43b6-9e30-dd3df0baea7c] actionpack (5.2.1) lib/action_dispatch/middleware/show_exceptions.rb:33:in `call'
[85bfcdea-d111-43b6-9e30-dd3df0baea7c] railties (5.2.1) lib/rails/rack/logger.rb:38:in `call_app'
[85bfcdea-d111-43b6-9e30-dd3df0baea7c] railties (5.2.1) lib/rails/rack/logger.rb:26:in `block in call'
[85bfcdea-d111-43b6-9e30-dd3df0baea7c] activesupport (5.2.1) lib/active_support/tagged_logging.rb:71:in `block in tagged'
[85bfcdea-d111-43b6-9e30-dd3df0baea7c] activesupport (5.2.1) lib/active_support/tagged_logging.rb:28:in `tagged'
[85bfcdea-d111-43b6-9e30-dd3df0baea7c] activesupport (5.2.1) lib/active_support/tagged_logging.rb:71:in `tagged'
[85bfcdea-d111-43b6-9e30-dd3df0baea7c] railties (5.2.1) lib/rails/rack/logger.rb:26:in `call'
[85bfcdea-d111-43b6-9e30-dd3df0baea7c] actionpack (5.2.1) lib/action_dispatch/middleware/remote_ip.rb:81:in `call'
[85bfcdea-d111-43b6-9e30-dd3df0baea7c] actionpack (5.2.1) lib/action_dispatch/middleware/request_id.rb:27:in `call'
[85bfcdea-d111-43b6-9e30-dd3df0baea7c] rack (2.0.6) lib/rack/method_override.rb:22:in `call'
[85bfcdea-d111-43b6-9e30-dd3df0baea7c] rack (2.0.6) lib/rack/runtime.rb:22:in `call'
[85bfcdea-d111-43b6-9e30-dd3df0baea7c] activesupport (5.2.1) lib/active_support/cache/strategy/local_cache_middleware.rb:29:in `call'
[85bfcdea-d111-43b6-9e30-dd3df0baea7c] actionpack (5.2.1) lib/action_dispatch/middleware/executor.rb:14:in `call'
[85bfcdea-d111-43b6-9e30-dd3df0baea7c] rack (2.0.6) lib/rack/sendfile.rb:111:in `call'
[85bfcdea-d111-43b6-9e30-dd3df0baea7c] railties (5.2.1) lib/rails/engine.rb:524:in `call'
[85bfcdea-d111-43b6-9e30-dd3df0baea7c] puma (3.12.0) lib/puma/configuration.rb:225:in `call'
[85bfcdea-d111-43b6-9e30-dd3df0baea7c] puma (3.12.0) lib/puma/server.rb:658:in `handle_request'
[85bfcdea-d111-43b6-9e30-dd3df0baea7c] puma (3.12.0) lib/puma/server.rb:472:in `process_client'
[85bfcdea-d111-43b6-9e30-dd3df0baea7c] puma (3.12.0) lib/puma/server.rb:332:in `block in run'
[85bfcdea-d111-43b6-9e30-dd3df0baea7c] puma (3.12.0) lib/puma/thread_pool.rb:133:in `block in spawn_thread'
I, [2018-11-07T14:55:06.831958 #66654]  INFO -- : [e1269a73-f35b-45da-8511-42ca1c468b0b] Started GET "/page_google.css" for 127.0.0.1 at 2018-11-07 14:55:06 +0100
F, [2018-11-07T14:55:06.833193 #66654] FATAL -- : [e1269a73-f35b-45da-8511-42ca1c468b0b]   
F, [2018-11-07T14:55:06.833292 #66654] FATAL -- : [e1269a73-f35b-45da-8511-42ca1c468b0b] ActionController::RoutingError (No route matches [GET] "/page_google.css"):
F, [2018-11-07T14:55:06.833339 #66654] FATAL -- : [e1269a73-f35b-45da-8511-42ca1c468b0b]   
F, [2018-11-07T14:55:06.833393 #66654] FATAL -- : [e1269a73-f35b-45da-8511-42ca1c468b0b] actionpack (5.2.1) lib/action_dispatch/middleware/debug_exceptions.rb:65:in `call'
[e1269a73-f35b-45da-8511-42ca1c468b0b] actionpack (5.2.1) lib/action_dispatch/middleware/show_exceptions.rb:33:in `call'
[e1269a73-f35b-45da-8511-42ca1c468b0b] railties (5.2.1) lib/rails/rack/logger.rb:38:in `call_app'
[e1269a73-f35b-45da-8511-42ca1c468b0b] railties (5.2.1) lib/rails/rack/logger.rb:26:in `block in call'
[e1269a73-f35b-45da-8511-42ca1c468b0b] activesupport (5.2.1) lib/active_support/tagged_logging.rb:71:in `block in tagged'
[e1269a73-f35b-45da-8511-42ca1c468b0b] activesupport (5.2.1) lib/active_support/tagged_logging.rb:28:in `tagged'
[e1269a73-f35b-45da-8511-42ca1c468b0b] activesupport (5.2.1) lib/active_support/tagged_logging.rb:71:in `tagged'
[e1269a73-f35b-45da-8511-42ca1c468b0b] railties (5.2.1) lib/rails/rack/logger.rb:26:in `call'
[e1269a73-f35b-45da-8511-42ca1c468b0b] actionpack (5.2.1) lib/action_dispatch/middleware/remote_ip.rb:81:in `call'
[e1269a73-f35b-45da-8511-42ca1c468b0b] actionpack (5.2.1) lib/action_dispatch/middleware/request_id.rb:27:in `call'
[e1269a73-f35b-45da-8511-42ca1c468b0b] rack (2.0.6) lib/rack/method_override.rb:22:in `call'
[e1269a73-f35b-45da-8511-42ca1c468b0b] rack (2.0.6) lib/rack/runtime.rb:22:in `call'
[e1269a73-f35b-45da-8511-42ca1c468b0b] activesupport (5.2.1) lib/active_support/cache/strategy/local_cache_middleware.rb:29:in `call'
[e1269a73-f35b-45da-8511-42ca1c468b0b] actionpack (5.2.1) lib/action_dispatch/middleware/executor.rb:14:in `call'
[e1269a73-f35b-45da-8511-42ca1c468b0b] rack (2.0.6) lib/rack/sendfile.rb:111:in `call'
[e1269a73-f35b-45da-8511-42ca1c468b0b] railties (5.2.1) lib/rails/engine.rb:524:in `call'
[e1269a73-f35b-45da-8511-42ca1c468b0b] puma (3.12.0) lib/puma/configuration.rb:225:in `call'
[e1269a73-f35b-45da-8511-42ca1c468b0b] puma (3.12.0) lib/puma/server.rb:658:in `handle_request'
[e1269a73-f35b-45da-8511-42ca1c468b0b] puma (3.12.0) lib/puma/server.rb:472:in `process_client'
[e1269a73-f35b-45da-8511-42ca1c468b0b] puma (3.12.0) lib/puma/server.rb:332:in `block in run'
[e1269a73-f35b-45da-8511-42ca1c468b0b] puma (3.12.0) lib/puma/thread_pool.rb:133:in `block in spawn_thread'
I, [2018-11-07T14:55:06.833683 #66654]  INFO -- : [98cfbb7f-8301-477a-9d28-233b24feb433] Started GET "/assets/image_google-5776cd87617eacec3bc00ebcf530d1924026033eda852f706c1a675a98915826.png" for 127.0.0.1 at 2018-11-07 14:55:06 +0100
F, [2018-11-07T14:55:06.835413 #66654] FATAL -- : [98cfbb7f-8301-477a-9d28-233b24feb433]   
F, [2018-11-07T14:55:06.835512 #66654] FATAL -- : [98cfbb7f-8301-477a-9d28-233b24feb433] ActionController::RoutingError (No route matches [GET] "/assets/image_google-5776cd87617eacec3bc00ebcf530d1924026033eda852f706c1a675a98915826.png"):
F, [2018-11-07T14:55:06.835556 #66654] FATAL -- : [98cfbb7f-8301-477a-9d28-233b24feb433]   
F, [2018-11-07T14:55:06.835609 #66654] FATAL -- : [98cfbb7f-8301-477a-9d28-233b24feb433] actionpack (5.2.1) lib/action_dispatch/middleware/debug_exceptions.rb:65:in `call'
[98cfbb7f-8301-477a-9d28-233b24feb433] actionpack (5.2.1) lib/action_dispatch/middleware/show_exceptions.rb:33:in `call'
[98cfbb7f-8301-477a-9d28-233b24feb433] railties (5.2.1) lib/rails/rack/logger.rb:38:in `call_app'
[98cfbb7f-8301-477a-9d28-233b24feb433] railties (5.2.1) lib/rails/rack/logger.rb:26:in `block in call'
[98cfbb7f-8301-477a-9d28-233b24feb433] activesupport (5.2.1) lib/active_support/tagged_logging.rb:71:in `block in tagged'
[98cfbb7f-8301-477a-9d28-233b24feb433] activesupport (5.2.1) lib/active_support/tagged_logging.rb:28:in `tagged'
[98cfbb7f-8301-477a-9d28-233b24feb433] activesupport (5.2.1) lib/active_support/tagged_logging.rb:71:in `tagged'
[98cfbb7f-8301-477a-9d28-233b24feb433] railties (5.2.1) lib/rails/rack/logger.rb:26:in `call'
[98cfbb7f-8301-477a-9d28-233b24feb433] actionpack (5.2.1) lib/action_dispatch/middleware/remote_ip.rb:81:in `call'
[98cfbb7f-8301-477a-9d28-233b24feb433] actionpack (5.2.1) lib/action_dispatch/middleware/request_id.rb:27:in `call'
[98cfbb7f-8301-477a-9d28-233b24feb433] rack (2.0.6) lib/rack/method_override.rb:22:in `call'
[98cfbb7f-8301-477a-9d28-233b24feb433] rack (2.0.6) lib/rack/runtime.rb:22:in `call'
[98cfbb7f-8301-477a-9d28-233b24feb433] activesupport (5.2.1) lib/active_support/cache/strategy/local_cache_middleware.rb:29:in `call'
[98cfbb7f-8301-477a-9d28-233b24feb433] actionpack (5.2.1) lib/action_dispatch/middleware/executor.rb:14:in `call'
[98cfbb7f-8301-477a-9d28-233b24feb433] rack (2.0.6) lib/rack/sendfile.rb:111:in `call'
[98cfbb7f-8301-477a-9d28-233b24feb433] railties (5.2.1) lib/rails/engine.rb:524:in `call'
[98cfbb7f-8301-477a-9d28-233b24feb433] puma (3.12.0) lib/puma/configuration.rb:225:in `call'
[98cfbb7f-8301-477a-9d28-233b24feb433] puma (3.12.0) lib/puma/server.rb:658:in `handle_request'
[98cfbb7f-8301-477a-9d28-233b24feb433] puma (3.12.0) lib/puma/server.rb:472:in `process_client'
[98cfbb7f-8301-477a-9d28-233b24feb433] puma (3.12.0) lib/puma/server.rb:332:in `block in run'
[98cfbb7f-8301-477a-9d28-233b24feb433] puma (3.12.0) lib/puma/thread_pool.rb:133:in `block in spawn_thread'
I, [2018-11-07T14:55:09.241751 #66654]  INFO -- : [d5bff33f-cca7-430f-85a7-c1929f5c1fc9] Started GET "/" for 127.0.0.1 at 2018-11-07 14:55:09 +0100
I, [2018-11-07T14:55:09.242569 #66654]  INFO -- : [d5bff33f-cca7-430f-85a7-c1929f5c1fc9] Processing by HomeController#index as HTML
I, [2018-11-07T14:55:09.243539 #66654]  INFO -- : [d5bff33f-cca7-430f-85a7-c1929f5c1fc9]   Rendering home/index.html.erb within layouts/application
I, [2018-11-07T14:55:09.243804 #66654]  INFO -- : [d5bff33f-cca7-430f-85a7-c1929f5c1fc9]   Rendered home/index.html.erb within layouts/application (0.2ms)
I, [2018-11-07T14:55:09.244649 #66654]  INFO -- : [d5bff33f-cca7-430f-85a7-c1929f5c1fc9] Completed 200 OK in 2ms (Views: 1.3ms)
I, [2018-11-07T14:55:09.294821 #66654]  INFO -- : [07c40b5e-5055-4c21-944e-64ffef9b45e7] Started GET "/assets/application-e3f834ee11839493b9fe6bf4d485db6c6b5cb16657d2ebeb45d61e6722aeff73.css" for 127.0.0.1 at 2018-11-07 14:55:09 +0100
F, [2018-11-07T14:55:09.296073 #66654] FATAL -- : [07c40b5e-5055-4c21-944e-64ffef9b45e7]   
F, [2018-11-07T14:55:09.296447 #66654] FATAL -- : [07c40b5e-5055-4c21-944e-64ffef9b45e7] ActionController::RoutingError (No route matches [GET] "/assets/application-e3f834ee11839493b9fe6bf4d485db6c6b5cb16657d2ebeb45d61e6722aeff73.css"):
F, [2018-11-07T14:55:09.296512 #66654] FATAL -- : [07c40b5e-5055-4c21-944e-64ffef9b45e7]   
F, [2018-11-07T14:55:09.296582 #66654] FATAL -- : [07c40b5e-5055-4c21-944e-64ffef9b45e7] actionpack (5.2.1) lib/action_dispatch/middleware/debug_exceptions.rb:65:in `call'
[07c40b5e-5055-4c21-944e-64ffef9b45e7] actionpack (5.2.1) lib/action_dispatch/middleware/show_exceptions.rb:33:in `call'
[07c40b5e-5055-4c21-944e-64ffef9b45e7] railties (5.2.1) lib/rails/rack/logger.rb:38:in `call_app'
[07c40b5e-5055-4c21-944e-64ffef9b45e7] railties (5.2.1) lib/rails/rack/logger.rb:26:in `block in call'
[07c40b5e-5055-4c21-944e-64ffef9b45e7] activesupport (5.2.1) lib/active_support/tagged_logging.rb:71:in `block in tagged'
[07c40b5e-5055-4c21-944e-64ffef9b45e7] activesupport (5.2.1) lib/active_support/tagged_logging.rb:28:in `tagged'
[07c40b5e-5055-4c21-944e-64ffef9b45e7] activesupport (5.2.1) lib/active_support/tagged_logging.rb:71:in `tagged'
[07c40b5e-5055-4c21-944e-64ffef9b45e7] railties (5.2.1) lib/rails/rack/logger.rb:26:in `call'
[07c40b5e-5055-4c21-944e-64ffef9b45e7] actionpack (5.2.1) lib/action_dispatch/middleware/remote_ip.rb:81:in `call'
[07c40b5e-5055-4c21-944e-64ffef9b45e7] actionpack (5.2.1) lib/action_dispatch/middleware/request_id.rb:27:in `call'
[07c40b5e-5055-4c21-944e-64ffef9b45e7] rack (2.0.6) lib/rack/method_override.rb:22:in `call'
[07c40b5e-5055-4c21-944e-64ffef9b45e7] rack (2.0.6) lib/rack/runtime.rb:22:in `call'
[07c40b5e-5055-4c21-944e-64ffef9b45e7] activesupport (5.2.1) lib/active_support/cache/strategy/local_cache_middleware.rb:29:in `call'
[07c40b5e-5055-4c21-944e-64ffef9b45e7] actionpack (5.2.1) lib/action_dispatch/middleware/executor.rb:14:in `call'
[07c40b5e-5055-4c21-944e-64ffef9b45e7] rack (2.0.6) lib/rack/sendfile.rb:111:in `call'
[07c40b5e-5055-4c21-944e-64ffef9b45e7] railties (5.2.1) lib/rails/engine.rb:524:in `call'
[07c40b5e-5055-4c21-944e-64ffef9b45e7] puma (3.12.0) lib/puma/configuration.rb:225:in `call'
[07c40b5e-5055-4c21-944e-64ffef9b45e7] puma (3.12.0) lib/puma/server.rb:658:in `handle_request'
[07c40b5e-5055-4c21-944e-64ffef9b45e7] puma (3.12.0) lib/puma/server.rb:472:in `process_client'
[07c40b5e-5055-4c21-944e-64ffef9b45e7] puma (3.12.0) lib/puma/server.rb:332:in `block in run'
[07c40b5e-5055-4c21-944e-64ffef9b45e7] puma (3.12.0) lib/puma/thread_pool.rb:133:in `block in spawn_thread'
I, [2018-11-07T14:55:09.309183 #66654]  INFO -- : [2be4d249-11f8-4ade-bf89-1027933b789b] Started GET "/page_google.css" for 127.0.0.1 at 2018-11-07 14:55:09 +0100
I, [2018-11-07T14:55:09.310224 #66654]  INFO -- : [8c4b1a34-f867-40e5-8b12-3479cbd3b1d8] Started GET "/assets/application-c03f5e3e45f2560ad956471c98585d2b01a757f4cd94b552550afbd8eb320c21.js" for 127.0.0.1 at 2018-11-07 14:55:09 +0100
F, [2018-11-07T14:55:09.311424 #66654] FATAL -- : [8c4b1a34-f867-40e5-8b12-3479cbd3b1d8]   
F, [2018-11-07T14:55:09.311536 #66654] FATAL -- : [8c4b1a34-f867-40e5-8b12-3479cbd3b1d8] ActionController::RoutingError (No route matches [GET] "/assets/application-c03f5e3e45f2560ad956471c98585d2b01a757f4cd94b552550afbd8eb320c21.js"):
F, [2018-11-07T14:55:09.311615 #66654] FATAL -- : [8c4b1a34-f867-40e5-8b12-3479cbd3b1d8]   
F, [2018-11-07T14:55:09.311721 #66654] FATAL -- : [8c4b1a34-f867-40e5-8b12-3479cbd3b1d8] actionpack (5.2.1) lib/action_dispatch/middleware/debug_exceptions.rb:65:in `call'
[8c4b1a34-f867-40e5-8b12-3479cbd3b1d8] actionpack (5.2.1) lib/action_dispatch/middleware/show_exceptions.rb:33:in `call'
[8c4b1a34-f867-40e5-8b12-3479cbd3b1d8] railties (5.2.1) lib/rails/rack/logger.rb:38:in `call_app'
[8c4b1a34-f867-40e5-8b12-3479cbd3b1d8] railties (5.2.1) lib/rails/rack/logger.rb:26:in `block in call'
[8c4b1a34-f867-40e5-8b12-3479cbd3b1d8] activesupport (5.2.1) lib/active_support/tagged_logging.rb:71:in `block in tagged'
[8c4b1a34-f867-40e5-8b12-3479cbd3b1d8] activesupport (5.2.1) lib/active_support/tagged_logging.rb:28:in `tagged'
[8c4b1a34-f867-40e5-8b12-3479cbd3b1d8] activesupport (5.2.1) lib/active_support/tagged_logging.rb:71:in `tagged'
[8c4b1a34-f867-40e5-8b12-3479cbd3b1d8] railties (5.2.1) lib/rails/rack/logger.rb:26:in `call'
[8c4b1a34-f867-40e5-8b12-3479cbd3b1d8] actionpack (5.2.1) lib/action_dispatch/middleware/remote_ip.rb:81:in `call'
[8c4b1a34-f867-40e5-8b12-3479cbd3b1d8] actionpack (5.2.1) lib/action_dispatch/middleware/request_id.rb:27:in `call'
[8c4b1a34-f867-40e5-8b12-3479cbd3b1d8] rack (2.0.6) lib/rack/method_override.rb:22:in `call'
[8c4b1a34-f867-40e5-8b12-3479cbd3b1d8] rack (2.0.6) lib/rack/runtime.rb:22:in `call'
[8c4b1a34-f867-40e5-8b12-3479cbd3b1d8] activesupport (5.2.1) lib/active_support/cache/strategy/local_cache_middleware.rb:29:in `call'
[8c4b1a34-f867-40e5-8b12-3479cbd3b1d8] actionpack (5.2.1) lib/action_dispatch/middleware/executor.rb:14:in `call'
[8c4b1a34-f867-40e5-8b12-3479cbd3b1d8] rack (2.0.6) lib/rack/sendfile.rb:111:in `call'
[8c4b1a34-f867-40e5-8b12-3479cbd3b1d8] railties (5.2.1) lib/rails/engine.rb:524:in `call'
[8c4b1a34-f867-40e5-8b12-3479cbd3b1d8] puma (3.12.0) lib/puma/configuration.rb:225:in `call'
[8c4b1a34-f867-40e5-8b12-3479cbd3b1d8] puma (3.12.0) lib/puma/server.rb:658:in `handle_request'
[8c4b1a34-f867-40e5-8b12-3479cbd3b1d8] puma (3.12.0) lib/puma/server.rb:472:in `process_client'
[8c4b1a34-f867-40e5-8b12-3479cbd3b1d8] puma (3.12.0) lib/puma/server.rb:332:in `block in run'
[8c4b1a34-f867-40e5-8b12-3479cbd3b1d8] puma (3.12.0) lib/puma/thread_pool.rb:133:in `block in spawn_thread'
I, [2018-11-07T14:55:09.312960 #66654]  INFO -- : [52c7a298-0aab-45a1-b6f1-bc4f4144cc08] Started GET "/assets/image_google-5776cd87617eacec3bc00ebcf530d1924026033eda852f706c1a675a98915826.png" for 127.0.0.1 at 2018-11-07 14:55:09 +0100
F, [2018-11-07T14:55:09.314122 #66654] FATAL -- : [52c7a298-0aab-45a1-b6f1-bc4f4144cc08]   
F, [2018-11-07T14:55:09.314218 #66654] FATAL -- : [52c7a298-0aab-45a1-b6f1-bc4f4144cc08] ActionController::RoutingError (No route matches [GET] "/assets/image_google-5776cd87617eacec3bc00ebcf530d1924026033eda852f706c1a675a98915826.png"):
F, [2018-11-07T14:55:09.314271 #66654] FATAL -- : [52c7a298-0aab-45a1-b6f1-bc4f4144cc08]   
F, [2018-11-07T14:55:09.314327 #66654] FATAL -- : [52c7a298-0aab-45a1-b6f1-bc4f4144cc08] actionpack (5.2.1) lib/action_dispatch/middleware/debug_exceptions.rb:65:in `call'
[52c7a298-0aab-45a1-b6f1-bc4f4144cc08] actionpack (5.2.1) lib/action_dispatch/middleware/show_exceptions.rb:33:in `call'
[52c7a298-0aab-45a1-b6f1-bc4f4144cc08] railties (5.2.1) lib/rails/rack/logger.rb:38:in `call_app'
[52c7a298-0aab-45a1-b6f1-bc4f4144cc08] railties (5.2.1) lib/rails/rack/logger.rb:26:in `block in call'
[52c7a298-0aab-45a1-b6f1-bc4f4144cc08] activesupport (5.2.1) lib/active_support/tagged_logging.rb:71:in `block in tagged'
[52c7a298-0aab-45a1-b6f1-bc4f4144cc08] activesupport (5.2.1) lib/active_support/tagged_logging.rb:28:in `tagged'
[52c7a298-0aab-45a1-b6f1-bc4f4144cc08] activesupport (5.2.1) lib/active_support/tagged_logging.rb:71:in `tagged'
[52c7a298-0aab-45a1-b6f1-bc4f4144cc08] railties (5.2.1) lib/rails/rack/logger.rb:26:in `call'
[52c7a298-0aab-45a1-b6f1-bc4f4144cc08] actionpack (5.2.1) lib/action_dispatch/middleware/remote_ip.rb:81:in `call'
[52c7a298-0aab-45a1-b6f1-bc4f4144cc08] actionpack (5.2.1) lib/action_dispatch/middleware/request_id.rb:27:in `call'
[52c7a298-0aab-45a1-b6f1-bc4f4144cc08] rack (2.0.6) lib/rack/method_override.rb:22:in `call'
[52c7a298-0aab-45a1-b6f1-bc4f4144cc08] rack (2.0.6) lib/rack/runtime.rb:22:in `call'
[52c7a298-0aab-45a1-b6f1-bc4f4144cc08] activesupport (5.2.1) lib/active_support/cache/strategy/local_cache_middleware.rb:29:in `call'
[52c7a298-0aab-45a1-b6f1-bc4f4144cc08] actionpack (5.2.1) lib/action_dispatch/middleware/executor.rb:14:in `call'
[52c7a298-0aab-45a1-b6f1-bc4f4144cc08] rack (2.0.6) lib/rack/sendfile.rb:111:in `call'
[52c7a298-0aab-45a1-b6f1-bc4f4144cc08] railties (5.2.1) lib/rails/engine.rb:524:in `call'
[52c7a298-0aab-45a1-b6f1-bc4f4144cc08] puma (3.12.0) lib/puma/configuration.rb:225:in `call'
[52c7a298-0aab-45a1-b6f1-bc4f4144cc08] puma (3.12.0) lib/puma/server.rb:658:in `handle_request'
[52c7a298-0aab-45a1-b6f1-bc4f4144cc08] puma (3.12.0) lib/puma/server.rb:472:in `process_client'
[52c7a298-0aab-45a1-b6f1-bc4f4144cc08] puma (3.12.0) lib/puma/server.rb:332:in `block in run'
[52c7a298-0aab-45a1-b6f1-bc4f4144cc08] puma (3.12.0) lib/puma/thread_pool.rb:133:in `block in spawn_thread'
F, [2018-11-07T14:55:09.315554 #66654] FATAL -- : [2be4d249-11f8-4ade-bf89-1027933b789b]   
F, [2018-11-07T14:55:09.315657 #66654] FATAL -- : [2be4d249-11f8-4ade-bf89-1027933b789b] ActionController::RoutingError (No route matches [GET] "/page_google.css"):
F, [2018-11-07T14:55:09.315707 #66654] FATAL -- : [2be4d249-11f8-4ade-bf89-1027933b789b]   
F, [2018-11-07T14:55:09.315766 #66654] FATAL -- : [2be4d249-11f8-4ade-bf89-1027933b789b] actionpack (5.2.1) lib/action_dispatch/middleware/debug_exceptions.rb:65:in `call'
[2be4d249-11f8-4ade-bf89-1027933b789b] actionpack (5.2.1) lib/action_dispatch/middleware/show_exceptions.rb:33:in `call'
[2be4d249-11f8-4ade-bf89-1027933b789b] railties (5.2.1) lib/rails/rack/logger.rb:38:in `call_app'
[2be4d249-11f8-4ade-bf89-1027933b789b] railties (5.2.1) lib/rails/rack/logger.rb:26:in `block in call'
[2be4d249-11f8-4ade-bf89-1027933b789b] activesupport (5.2.1) lib/active_support/tagged_logging.rb:71:in `block in tagged'
[2be4d249-11f8-4ade-bf89-1027933b789b] activesupport (5.2.1) lib/active_support/tagged_logging.rb:28:in `tagged'
[2be4d249-11f8-4ade-bf89-1027933b789b] activesupport (5.2.1) lib/active_support/tagged_logging.rb:71:in `tagged'
[2be4d249-11f8-4ade-bf89-1027933b789b] railties (5.2.1) lib/rails/rack/logger.rb:26:in `call'
[2be4d249-11f8-4ade-bf89-1027933b789b] actionpack (5.2.1) lib/action_dispatch/middleware/remote_ip.rb:81:in `call'
[2be4d249-11f8-4ade-bf89-1027933b789b] actionpack (5.2.1) lib/action_dispatch/middleware/request_id.rb:27:in `call'
[2be4d249-11f8-4ade-bf89-1027933b789b] rack (2.0.6) lib/rack/method_override.rb:22:in `call'
[2be4d249-11f8-4ade-bf89-1027933b789b] rack (2.0.6) lib/rack/runtime.rb:22:in `call'
[2be4d249-11f8-4ade-bf89-1027933b789b] activesupport (5.2.1) lib/active_support/cache/strategy/local_cache_middleware.rb:29:in `call'
[2be4d249-11f8-4ade-bf89-1027933b789b] actionpack (5.2.1) lib/action_dispatch/middleware/executor.rb:14:in `call'
[2be4d249-11f8-4ade-bf89-1027933b789b] rack (2.0.6) lib/rack/sendfile.rb:111:in `call'
[2be4d249-11f8-4ade-bf89-1027933b789b] railties (5.2.1) lib/rails/engine.rb:524:in `call'
[2be4d249-11f8-4ade-bf89-1027933b789b] puma (3.12.0) lib/puma/configuration.rb:225:in `call'
[2be4d249-11f8-4ade-bf89-1027933b789b] puma (3.12.0) lib/puma/server.rb:658:in `handle_request'
[2be4d249-11f8-4ade-bf89-1027933b789b] puma (3.12.0) lib/puma/server.rb:472:in `process_client'
[2be4d249-11f8-4ade-bf89-1027933b789b] puma (3.12.0) lib/puma/server.rb:332:in `block in run'
[2be4d249-11f8-4ade-bf89-1027933b789b] puma (3.12.0) lib/puma/thread_pool.rb:133:in `block in spawn_thread'
